[ 2016-12-27T09:32:48+08:00 ] 192.168.0.8 /
INFO: [ app_init ] --START--
INFO: Run Behavior\BuildLiteBehavior [ RunTime:0.000000s ]
INFO: [ app_init ] --END-- [ RunTime:0.000000s ]
INFO: [ app_begin ] --START--
INFO: Run Behavior\ReadHtmlCacheBehavior [ RunTime:0.000000s ]
INFO: [ app_begin ] --END-- [ RunTime:0.000000s ]
NOTIC: [8] Undefined index: session_name D:\phpstudy\WWW\newProject\Application\Home\Controller\ParentController.class.php 第 49 行.

[ 2016-12-27T09:32:48+08:00 ] 192.168.0.8 /home/users/login
INFO: [ app_init ] --START--
INFO: Run Behavior\BuildLiteBehavior [ RunTime:0.000000s ]
INFO: [ app_init ] --END-- [ RunTime:0.001000s ]
INFO: [ app_begin ] --START--
INFO: Run Behavior\ReadHtmlCacheBehavior [ RunTime:0.000000s ]
INFO: [ app_begin ] --END-- [ RunTime:0.000000s ]
NOTIC: [8] Undefined index: session_name D:\phpstudy\WWW\newProject\Application\Home\Controller\ParentController.class.php 第 49 行.
INFO: [ view_parse ] --START--
INFO: [ template_filter ] --START--
INFO: Run Behavior\ContentReplaceBehavior [ RunTime:0.000000s ]
INFO: [ template_filter ] --END-- [ RunTime:0.000000s ]
INFO: Run Behavior\ParseTemplateBehavior [ RunTime:0.011001s ]
INFO: [ view_parse ] --END-- [ RunTime:0.011001s ]
INFO: [ view_filter ] --START--
INFO: Run Behavior\WriteHtmlCacheBehavior [ RunTime:0.000000s ]
INFO: [ view_filter ] --END-- [ RunTime:0.000000s ]
INFO: [ app_end ] --START--
INFO: Run Behavior\ShowPageTraceBehavior [ RunTime:0.001000s ]
INFO: [ app_end ] --END-- [ RunTime:0.001000s ]

[ 2016-12-27T09:32:48+08:00 ] 192.168.0.8 /home/parent/create_vcode
INFO: [ app_init ] --START--
INFO: Run Behavior\BuildLiteBehavior [ RunTime:0.000000s ]
INFO: [ app_init ] --END-- [ RunTime:0.000000s ]
INFO: [ app_begin ] --START--
INFO: Run Behavior\ReadHtmlCacheBehavior [ RunTime:0.000000s ]
INFO: [ app_begin ] --END-- [ RunTime:0.000000s ]
INFO: [ app_end ] --START--
INFO: Run Behavior\ShowPageTraceBehavior [ RunTime:0.000000s ]
INFO: [ app_end ] --END-- [ RunTime:0.000000s ]

[ 2016-12-27T09:33:13+08:00 ] 192.168.0.8 /home/users/do_login
INFO: [ app_init ] --START--
INFO: Run Behavior\BuildLiteBehavior [ RunTime:0.000000s ]
INFO: [ app_init ] --END-- [ RunTime:0.001000s ]
INFO: [ app_begin ] --START--
INFO: Run Behavior\ReadHtmlCacheBehavior [ RunTime:0.000000s ]
INFO: [ app_begin ] --END-- [ RunTime:0.000000s ]
NOTIC: [8] Undefined index: session_name D:\phpstudy\WWW\newProject\Application\Home\Controller\ParentController.class.php 第 49 行.
SQL: SELECT * FROM `ur_user` WHERE ( uername="test1" ) LIMIT 1   [ RunTime:0.0010s ]
INFO: [ app_end ] --START--
INFO: Run Behavior\ShowPageTraceBehavior [ RunTime:0.001000s ]
INFO: [ app_end ] --END-- [ RunTime:0.001000s ]

[ 2016-12-27T09:33:13+08:00 ] 192.168.0.8 /home/Category/categoryList/?id=1
INFO: [ app_init ] --START--
INFO: Run Behavior\BuildLiteBehavior [ RunTime:0.000000s ]
INFO: [ app_init ] --END-- [ RunTime:0.001000s ]
INFO: [ app_begin ] --START--
INFO: Run Behavior\ReadHtmlCacheBehavior [ RunTime:0.001000s ]
INFO: [ app_begin ] --END-- [ RunTime:0.001000s ]
SQL: SELECT ur_user.id as id,ur_user.uername,ur_user.password,ur_role.rolecode,ur_role.rolename,um1.id as mid,um1.moduelcode,um1.moduelname as childmoduelname,um1.levelname,um1.parentid,um1.moduelurl,um2.moduelname as parentmoduelname,ur_permission.pricode,ur_permission.priname FROM `ur_user` ur_user LEFT JOIN ur_userRole on ur_user.id = ur_userRole.userid
LEFT JOIN ur_role on ur_role.id=ur_userRole.roleid LEFT JOIN ur_rolePermission
on ur_role.id=ur_rolePermission.roleid
LEFT JOIN ur_moduelPermission on ur_rolePermission.mpid=ur_moduelPermission.id
LEFT JOIN ur_permission on ur_permission.id = ur_moduelPermission.priid
LEFT JOIN ur_moduel as um1 on um1.id = ur_moduelPermission.modid
LEFT JOIN ur_moduel  as um2 on um1.parentid=um2.id  WHERE ( ur_user.id=1 )  [ RunTime:0.0010s ]
INFO: [ view_parse ] --START--
INFO: [ template_filter ] --START--
INFO: Run Behavior\ContentReplaceBehavior [ RunTime:0.000000s ]
INFO: [ template_filter ] --END-- [ RunTime:0.001000s ]
NOTIC: [8] Undefined variable: role D:\phpstudy\WWW\newProject\Application\Runtime\Cache\Home\ba6fb7a53f563b144b12320b453a6dd1.php 第 48 行.
NOTIC: [8] Undefined variable: username D:\phpstudy\WWW\newProject\Application\Runtime\Cache\Home\ba6fb7a53f563b144b12320b453a6dd1.php 第 49 行.
INFO: Run Behavior\ParseTemplateBehavior [ RunTime:0.011001s ]
INFO: [ view_parse ] --END-- [ RunTime:0.011001s ]
INFO: [ view_filter ] --START--
INFO: Run Behavior\WriteHtmlCacheBehavior [ RunTime:0.000000s ]
INFO: [ view_filter ] --END-- [ RunTime:0.000000s ]
INFO: [ app_end ] --START--
INFO: Run Behavior\ShowPageTraceBehavior [ RunTime:0.001000s ]
INFO: [ app_end ] --END-- [ RunTime:0.001000s ]

[ 2016-12-27T09:33:13+08:00 ] 192.168.0.8 /home/category/welcome.html
INFO: [ app_init ] --START--
INFO: Run Behavior\BuildLiteBehavior [ RunTime:0.000000s ]
INFO: [ app_init ] --END-- [ RunTime:0.000000s ]
INFO: [ app_begin ] --START--
INFO: Run Behavior\ReadHtmlCacheBehavior [ RunTime:0.000000s ]
INFO: [ app_begin ] --END-- [ RunTime:0.000000s ]
INFO: [ view_parse ] --START--
INFO: [ template_filter ] --START--
INFO: Run Behavior\ContentReplaceBehavior [ RunTime:0.000000s ]
INFO: [ template_filter ] --END-- [ RunTime:0.000000s ]
INFO: Run Behavior\ParseTemplateBehavior [ RunTime:0.006000s ]
INFO: [ view_parse ] --END-- [ RunTime:0.006000s ]
INFO: [ view_filter ] --START--
INFO: Run Behavior\WriteHtmlCacheBehavior [ RunTime:0.000000s ]
INFO: [ view_filter ] --END-- [ RunTime:0.000000s ]
INFO: [ app_end ] --START--
INFO: Run Behavior\ShowPageTraceBehavior [ RunTime:0.000000s ]
INFO: [ app_end ] --END-- [ RunTime:0.000000s ]

[ 2016-12-27T09:33:49+08:00 ] 192.168.0.134 /
INFO: [ app_init ] --START--
INFO: Run Behavior\BuildLiteBehavior [ RunTime:0.000000s ]
INFO: [ app_init ] --END-- [ RunTime:0.001000s ]
INFO: [ app_begin ] --START--
INFO: Run Behavior\ReadHtmlCacheBehavior [ RunTime:0.001000s ]
INFO: [ app_begin ] --END-- [ RunTime:0.001000s ]
NOTIC: [8] Undefined index: session_name D:\phpstudy\WWW\newProject\Application\Home\Controller\ParentController.class.php 第 49 行.

[ 2016-12-27T09:33:49+08:00 ] 192.168.0.134 /home/users/login
INFO: [ app_init ] --START--
INFO: Run Behavior\BuildLiteBehavior [ RunTime:0.000000s ]
INFO: [ app_init ] --END-- [ RunTime:0.001000s ]
INFO: [ app_begin ] --START--
INFO: Run Behavior\ReadHtmlCacheBehavior [ RunTime:0.001000s ]
INFO: [ app_begin ] --END-- [ RunTime:0.001000s ]
NOTIC: [8] Undefined index: session_name D:\phpstudy\WWW\newProject\Application\Home\Controller\ParentController.class.php 第 49 行.
INFO: [ view_parse ] --START--
INFO: [ template_filter ] --START--
INFO: Run Behavior\ContentReplaceBehavior [ RunTime:0.000000s ]
INFO: [ template_filter ] --END-- [ RunTime:0.000000s ]
INFO: Run Behavior\ParseTemplateBehavior [ RunTime:0.010000s ]
INFO: [ view_parse ] --END-- [ RunTime:0.010000s ]
INFO: [ view_filter ] --START--
INFO: Run Behavior\WriteHtmlCacheBehavior [ RunTime:0.000000s ]
INFO: [ view_filter ] --END-- [ RunTime:0.000000s ]
INFO: [ app_end ] --START--
INFO: Run Behavior\ShowPageTraceBehavior [ RunTime:0.000000s ]
INFO: [ app_end ] --END-- [ RunTime:0.000000s ]

[ 2016-12-27T09:33:49+08:00 ] 192.168.0.134 /home/parent/create_vcode
INFO: [ app_init ] --START--
INFO: Run Behavior\BuildLiteBehavior [ RunTime:0.000000s ]
INFO: [ app_init ] --END-- [ RunTime:0.000000s ]
INFO: [ app_begin ] --START--
INFO: Run Behavior\ReadHtmlCacheBehavior [ RunTime:0.001000s ]
INFO: [ app_begin ] --END-- [ RunTime:0.001000s ]
INFO: [ app_end ] --START--
INFO: Run Behavior\ShowPageTraceBehavior [ RunTime:0.001000s ]
INFO: [ app_end ] --END-- [ RunTime:0.002000s ]

[ 2016-12-27T09:36:21+08:00 ] 192.168.0.134 /home/parent/create_vcode
INFO: [ app_init ] --START--
INFO: Run Behavior\BuildLiteBehavior [ RunTime:0.000000s ]
INFO: [ app_init ] --END-- [ RunTime:0.001000s ]
INFO: [ app_begin ] --START--
INFO: Run Behavior\ReadHtmlCacheBehavior [ RunTime:0.001000s ]
INFO: [ app_begin ] --END-- [ RunTime:0.001000s ]
INFO: [ app_end ] --START--
INFO: Run Behavior\ShowPageTraceBehavior [ RunTime:0.001000s ]
INFO: [ app_end ] --END-- [ RunTime:0.001000s ]

[ 2016-12-27T09:36:27+08:00 ] 192.168.0.134 /home/users/do_login
INFO: [ app_init ] --START--
INFO: Run Behavior\BuildLiteBehavior [ RunTime:0.000000s ]
INFO: [ app_init ] --END-- [ RunTime:0.000000s ]
INFO: [ app_begin ] --START--
INFO: Run Behavior\ReadHtmlCacheBehavior [ RunTime:0.001000s ]
INFO: [ app_begin ] --END-- [ RunTime:0.001000s ]
NOTIC: [8] Undefined index: session_name D:\phpstudy\WWW\newProject\Application\Home\Controller\ParentController.class.php 第 49 行.
SQL: SELECT * FROM `ur_user` WHERE ( uername="test1" ) LIMIT 1   [ RunTime:0.0000s ]
INFO: [ app_end ] --START--
INFO: Run Behavior\ShowPageTraceBehavior [ RunTime:0.001000s ]
INFO: [ app_end ] --END-- [ RunTime:0.001000s ]

[ 2016-12-27T09:36:27+08:00 ] 192.168.0.134 /home/Category/categoryList/?id=1
INFO: [ app_init ] --START--
INFO: Run Behavior\BuildLiteBehavior [ RunTime:0.000000s ]
INFO: [ app_init ] --END-- [ RunTime:0.001000s ]
INFO: [ app_begin ] --START--
INFO: Run Behavior\ReadHtmlCacheBehavior [ RunTime:0.000000s ]
INFO: [ app_begin ] --END-- [ RunTime:0.000000s ]
SQL: SELECT ur_user.id as id,ur_user.uername,ur_user.password,ur_role.rolecode,ur_role.rolename,um1.id as mid,um1.moduelcode,um1.moduelname as childmoduelname,um1.levelname,um1.parentid,um1.moduelurl,um2.moduelname as parentmoduelname,ur_permission.pricode,ur_permission.priname FROM `ur_user` ur_user LEFT JOIN ur_userRole on ur_user.id = ur_userRole.userid
LEFT JOIN ur_role on ur_role.id=ur_userRole.roleid LEFT JOIN ur_rolePermission
on ur_role.id=ur_rolePermission.roleid
LEFT JOIN ur_moduelPermission on ur_rolePermission.mpid=ur_moduelPermission.id
LEFT JOIN ur_permission on ur_permission.id = ur_moduelPermission.priid
LEFT JOIN ur_moduel as um1 on um1.id = ur_moduelPermission.modid
LEFT JOIN ur_moduel  as um2 on um1.parentid=um2.id  WHERE ( ur_user.id=1 )  [ RunTime:0.0010s ]
INFO: [ view_parse ] --START--
INFO: [ template_filter ] --START--
INFO: Run Behavior\ContentReplaceBehavior [ RunTime:0.001000s ]
INFO: [ template_filter ] --END-- [ RunTime:0.001000s ]
NOTIC: [8] Undefined variable: role D:\phpstudy\WWW\newProject\Application\Runtime\Cache\Home\ba6fb7a53f563b144b12320b453a6dd1.php 第 48 行.
NOTIC: [8] Undefined variable: username D:\phpstudy\WWW\newProject\Application\Runtime\Cache\Home\ba6fb7a53f563b144b12320b453a6dd1.php 第 49 行.
INFO: Run Behavior\ParseTemplateBehavior [ RunTime:0.013001s ]
INFO: [ view_parse ] --END-- [ RunTime:0.013001s ]
INFO: [ view_filter ] --START--
INFO: Run Behavior\WriteHtmlCacheBehavior [ RunTime:0.000000s ]
INFO: [ view_filter ] --END-- [ RunTime:0.000000s ]
INFO: [ app_end ] --START--
INFO: Run Behavior\ShowPageTraceBehavior [ RunTime:0.000000s ]
INFO: [ app_end ] --END-- [ RunTime:0.000000s ]

[ 2016-12-27T09:36:27+08:00 ] 192.168.0.134 /home/category/welcome.html
INFO: [ app_init ] --START--
INFO: Run Behavior\BuildLiteBehavior [ RunTime:0.000000s ]
INFO: [ app_init ] --END-- [ RunTime:0.000000s ]
INFO: [ app_begin ] --START--
INFO: Run Behavior\ReadHtmlCacheBehavior [ RunTime:0.000000s ]
INFO: [ app_begin ] --END-- [ RunTime:0.000000s ]
INFO: [ view_parse ] --START--
INFO: [ template_filter ] --START--
INFO: Run Behavior\ContentReplaceBehavior [ RunTime:0.000000s ]
INFO: [ template_filter ] --END-- [ RunTime:0.000000s ]
INFO: Run Behavior\ParseTemplateBehavior [ RunTime:0.007000s ]
INFO: [ view_parse ] --END-- [ RunTime:0.007000s ]
INFO: [ view_filter ] --START--
INFO: Run Behavior\WriteHtmlCacheBehavior [ RunTime:0.000000s ]
INFO: [ view_filter ] --END-- [ RunTime:0.000000s ]
INFO: [ app_end ] --START--
INFO: Run Behavior\ShowPageTraceBehavior [ RunTime:0.001000s ]
INFO: [ app_end ] --END-- [ RunTime:0.001000s ]

[ 2016-12-27T12:57:44+08:00 ] ::1 /newProject/
INFO: [ app_init ] --START--
INFO: Run Behavior\BuildLiteBehavior [ RunTime:0.000015s ]
INFO: [ app_init ] --END-- [ RunTime:0.000548s ]
INFO: [ app_begin ] --START--
INFO: Run Behavior\ReadHtmlCacheBehavior [ RunTime:0.001031s ]
INFO: [ app_begin ] --END-- [ RunTime:0.001089s ]
NOTIC: [8] Undefined index: session_name D:\phpStudy\WWW\newProject\Application\Home\Controller\ParentController.class.php 第 49 行.

[ 2016-12-27T12:58:20+08:00 ] ::1 /newProject/
INFO: [ app_init ] --START--
INFO: Run Behavior\BuildLiteBehavior [ RunTime:0.000010s ]
INFO: [ app_init ] --END-- [ RunTime:0.000290s ]
INFO: [ app_begin ] --START--
INFO: Run Behavior\ReadHtmlCacheBehavior [ RunTime:0.000581s ]
INFO: [ app_begin ] --END-- [ RunTime:0.000623s ]
NOTIC: [8] Undefined index: session_name D:\phpStudy\WWW\newProject\Application\Home\Controller\ParentController.class.php 第 49 行.

[ 2016-12-27T13:00:30+08:00 ] ::1 /
INFO: [ app_init ] --START--
INFO: Run Behavior\BuildLiteBehavior [ RunTime:0.000015s ]
INFO: [ app_init ] --END-- [ RunTime:0.014235s ]
INFO: [ app_begin ] --START--
INFO: Run Behavior\ReadHtmlCacheBehavior [ RunTime:0.000881s ]
INFO: [ app_begin ] --END-- [ RunTime:0.000923s ]
NOTIC: [8] Undefined index: session_name D:\phpStudy\WWW\Application\Home\Controller\ParentController.class.php 第 49 行.

[ 2016-12-27T13:00:30+08:00 ] ::1 /home/users/login
INFO: [ app_init ] --START--
INFO: Run Behavior\BuildLiteBehavior [ RunTime:0.000022s ]
INFO: [ app_init ] --END-- [ RunTime:0.000286s ]
INFO: [ app_begin ] --START--
INFO: Run Behavior\ReadHtmlCacheBehavior [ RunTime:0.000597s ]
INFO: [ app_begin ] --END-- [ RunTime:0.000629s ]
NOTIC: [8] Undefined index: session_name D:\phpStudy\WWW\Application\Home\Controller\ParentController.class.php 第 49 行.
INFO: [ view_parse ] --START--
INFO: [ template_filter ] --START--
INFO: Run Behavior\ContentReplaceBehavior [ RunTime:0.000110s ]
INFO: [ template_filter ] --END-- [ RunTime:0.000179s ]
INFO: Run Behavior\ParseTemplateBehavior [ RunTime:0.124644s ]
INFO: [ view_parse ] --END-- [ RunTime:0.124697s ]
INFO: [ view_filter ] --START--
INFO: Run Behavior\WriteHtmlCacheBehavior [ RunTime:0.001169s ]
INFO: [ view_filter ] --END-- [ RunTime:0.001215s ]
INFO: [ app_end ] --START--
INFO: Run Behavior\ShowPageTraceBehavior [ RunTime:0.001178s ]
INFO: [ app_end ] --END-- [ RunTime:0.001224s ]

[ 2016-12-27T13:00:31+08:00 ] ::1 /home/parent/create_vcode
INFO: [ app_init ] --START--
INFO: Run Behavior\BuildLiteBehavior [ RunTime:0.000016s ]
INFO: [ app_init ] --END-- [ RunTime:0.000337s ]
INFO: [ app_begin ] --START--
INFO: Run Behavior\ReadHtmlCacheBehavior [ RunTime:0.000645s ]
INFO: [ app_begin ] --END-- [ RunTime:0.000699s ]
INFO: [ app_end ] --START--
INFO: Run Behavior\ShowPageTraceBehavior [ RunTime:0.000755s ]
INFO: [ app_end ] --END-- [ RunTime:0.000822s ]

[ 2016-12-27T13:00:45+08:00 ] ::1 /home/parent/create_vcode
INFO: [ app_init ] --START--
INFO: Run Behavior\BuildLiteBehavior [ RunTime:0.000011s ]
INFO: [ app_init ] --END-- [ RunTime:0.000264s ]
INFO: [ app_begin ] --START--
INFO: Run Behavior\ReadHtmlCacheBehavior [ RunTime:0.000414s ]
INFO: [ app_begin ] --END-- [ RunTime:0.000449s ]
INFO: [ app_end ] --START--
INFO: Run Behavior\ShowPageTraceBehavior [ RunTime:0.000406s ]
INFO: [ app_end ] --END-- [ RunTime:0.000439s ]

[ 2016-12-27T13:00:52+08:00 ] ::1 /home/users/do_login
INFO: [ app_init ] --START--
INFO: Run Behavior\BuildLiteBehavior [ RunTime:0.000011s ]
INFO: [ app_init ] --END-- [ RunTime:0.000236s ]
INFO: [ app_begin ] --START--
INFO: Run Behavior\ReadHtmlCacheBehavior [ RunTime:0.000569s ]
INFO: [ app_begin ] --END-- [ RunTime:0.000615s ]
NOTIC: [8] Undefined index: session_name D:\phpStudy\WWW\Application\Home\Controller\ParentController.class.php 第 49 行.
SQL: SELECT * FROM `ur_user` WHERE ( uername="test1" ) LIMIT 1   [ RunTime:0.0008s ]
INFO: [ app_end ] --START--
INFO: Run Behavior\ShowPageTraceBehavior [ RunTime:0.000516s ]
INFO: [ app_end ] --END-- [ RunTime:0.000564s ]

[ 2016-12-27T13:00:52+08:00 ] ::1 /home/Category/categoryList/?id=1
INFO: [ app_init ] --START--
INFO: Run Behavior\BuildLiteBehavior [ RunTime:0.000018s ]
INFO: [ app_init ] --END-- [ RunTime:0.000372s ]
INFO: [ app_begin ] --START--
INFO: Run Behavior\ReadHtmlCacheBehavior [ RunTime:0.000548s ]
INFO: [ app_begin ] --END-- [ RunTime:0.000600s ]
SQL: SELECT ur_user.id as id,ur_user.uername,ur_user.password,ur_role.rolecode,ur_role.rolename,um1.id as mid,um1.moduelcode,um1.moduelname as childmoduelname,um1.levelname,um1.parentid,um1.moduelurl,um2.moduelname as parentmoduelname,ur_permission.pricode,ur_permission.priname FROM `ur_user` ur_user LEFT JOIN ur_userRole on ur_user.id = ur_userRole.userid
LEFT JOIN ur_role on ur_role.id=ur_userRole.roleid LEFT JOIN ur_rolePermission
on ur_role.id=ur_rolePermission.roleid
LEFT JOIN ur_moduelPermission on ur_rolePermission.mpid=ur_moduelPermission.id
LEFT JOIN ur_permission on ur_permission.id = ur_moduelPermission.priid
LEFT JOIN ur_moduel as um1 on um1.id = ur_moduelPermission.modid
LEFT JOIN ur_moduel  as um2 on um1.parentid=um2.id  WHERE ( ur_user.id=1 )  [ RunTime:0.0013s ]
INFO: [ view_parse ] --START--
INFO: [ template_filter ] --START--
INFO: Run Behavior\ContentReplaceBehavior [ RunTime:0.000111s ]
INFO: [ template_filter ] --END-- [ RunTime:0.000167s ]
NOTIC: [8] Undefined variable: role D:\phpStudy\WWW\Application\Runtime\Cache\Home\ba6fb7a53f563b144b12320b453a6dd1.php 第 48 行.
NOTIC: [8] Undefined variable: username D:\phpStudy\WWW\Application\Runtime\Cache\Home\ba6fb7a53f563b144b12320b453a6dd1.php 第 49 行.
INFO: Run Behavior\ParseTemplateBehavior [ RunTime:0.098487s ]
INFO: [ view_parse ] --END-- [ RunTime:0.098523s ]
INFO: [ view_filter ] --START--
INFO: Run Behavior\WriteHtmlCacheBehavior [ RunTime:0.000243s ]
INFO: [ view_filter ] --END-- [ RunTime:0.000269s ]
INFO: [ app_end ] --START--
INFO: Run Behavior\ShowPageTraceBehavior [ RunTime:0.000497s ]
INFO: [ app_end ] --END-- [ RunTime:0.000542s ]

[ 2016-12-27T13:00:52+08:00 ] ::1 /home/category/welcome.html
INFO: [ app_init ] --START--
INFO: Run Behavior\BuildLiteBehavior [ RunTime:0.000017s ]
INFO: [ app_init ] --END-- [ RunTime:0.000326s ]
INFO: [ app_begin ] --START--
INFO: Run Behavior\ReadHtmlCacheBehavior [ RunTime:0.000826s ]
INFO: [ app_begin ] --END-- [ RunTime:0.000876s ]
INFO: [ view_parse ] --START--
INFO: [ template_filter ] --START--
INFO: Run Behavior\ContentReplaceBehavior [ RunTime:0.000080s ]
INFO: [ template_filter ] --END-- [ RunTime:0.000147s ]
INFO: Run Behavior\ParseTemplateBehavior [ RunTime:0.117375s ]
INFO: [ view_parse ] --END-- [ RunTime:0.117457s ]
INFO: [ view_filter ] --START--
INFO: Run Behavior\WriteHtmlCacheBehavior [ RunTime:0.000479s ]
INFO: [ view_filter ] --END-- [ RunTime:0.000516s ]
INFO: [ app_end ] --START--
INFO: Run Behavior\ShowPageTraceBehavior [ RunTime:0.000775s ]
INFO: [ app_end ] --END-- [ RunTime:0.000817s ]

[ 2016-12-27T13:29:08+08:00 ]  
INFO: [ app_init ] --START--
INFO: Run Behavior\BuildLiteBehavior [ RunTime:0.000037s ]
INFO: [ app_init ] --END-- [ RunTime:0.015284s ]
NOTIC: [8] Undefined index: REQUEST_METHOD D:\phpStudy\WWW\ThinkPHP\Library\Think\App.class.php 第 31 行.
NOTIC: [8] Undefined index: REQUEST_URI D:\phpStudy\WWW\ThinkPHP\Library\Think\Dispatcher.class.php 第 137 行.
NOTIC: [8] Use of undefined constant _PHP_FILE_ - assumed '_PHP_FILE_' D:\phpStudy\WWW\ThinkPHP\Library\Think\Dispatcher.class.php 第 186 行.
INFO: [ app_begin ] --START--
INFO: Run Behavior\ReadHtmlCacheBehavior [ RunTime:0.017026s ]
INFO: [ app_begin ] --END-- [ RunTime:0.017136s ]
NOTIC: [8] Undefined variable: _SESSION D:\phpStudy\WWW\Application\Home\Controller\ParentController.class.php 第 49 行.

[ 2016-12-27T13:29:46+08:00 ]  
INFO: [ app_init ] --START--
INFO: Run Behavior\BuildLiteBehavior [ RunTime:0.000027s ]
INFO: [ app_init ] --END-- [ RunTime:0.000549s ]
NOTIC: [8] Undefined index: REQUEST_METHOD D:\phpStudy\WWW\ThinkPHP\Library\Think\App.class.php 第 31 行.
NOTIC: [8] Undefined index: REQUEST_URI D:\phpStudy\WWW\ThinkPHP\Library\Think\Dispatcher.class.php 第 137 行.
NOTIC: [8] Use of undefined constant _PHP_FILE_ - assumed '_PHP_FILE_' D:\phpStudy\WWW\ThinkPHP\Library\Think\Dispatcher.class.php 第 186 行.
INFO: [ app_begin ] --START--
INFO: Run Behavior\ReadHtmlCacheBehavior [ RunTime:0.000730s ]
INFO: [ app_begin ] --END-- [ RunTime:0.000821s ]
NOTIC: [8] Undefined variable: _SESSION D:\phpStudy\WWW\Application\Home\Controller\ParentController.class.php 第 49 行.

[ 2016-12-27T13:30:33+08:00 ]  
INFO: [ app_init ] --START--
INFO: Run Behavior\BuildLiteBehavior [ RunTime:0.000147s ]
INFO: [ app_init ] --END-- [ RunTime:0.001033s ]
NOTIC: [8] Undefined index: REQUEST_METHOD D:\phpStudy\WWW\ThinkPHP\Library\Think\App.class.php 第 31 行.
NOTIC: [8] Undefined index: REQUEST_URI D:\phpStudy\WWW\ThinkPHP\Library\Think\Dispatcher.class.php 第 137 行.
NOTIC: [8] Use of undefined constant _PHP_FILE_ - assumed '_PHP_FILE_' D:\phpStudy\WWW\ThinkPHP\Library\Think\Dispatcher.class.php 第 186 行.
INFO: [ app_begin ] --START--
INFO: Run Behavior\ReadHtmlCacheBehavior [ RunTime:0.000927s ]
INFO: [ app_begin ] --END-- [ RunTime:0.001344s ]
NOTIC: [8] Undefined variable: _SESSION D:\phpStudy\WWW\Application\Home\Controller\ParentController.class.php 第 49 行.

[ 2016-12-27T13:30:40+08:00 ] 127.0.0.1 /WWW/index.php?_ijt=vrsqm2mqrm776qgn2a58814rsu
INFO: [ app_init ] --START--
INFO: Run Behavior\BuildLiteBehavior [ RunTime:0.000028s ]
INFO: [ app_init ] --END-- [ RunTime:0.000450s ]
INFO: [ app_begin ] --START--
INFO: Run Behavior\ReadHtmlCacheBehavior [ RunTime:0.000458s ]
INFO: [ app_begin ] --END-- [ RunTime:0.000521s ]
NOTIC: [8] Undefined index: session_name D:\phpStudy\WWW\Application\Home\Controller\ParentController.class.php 第 49 行.

[ 2016-12-27T13:31:13+08:00 ]  
INFO: [ app_init ] --START--
INFO: Run Behavior\BuildLiteBehavior [ RunTime:0.000029s ]
INFO: [ app_init ] --END-- [ RunTime:0.000514s ]
NOTIC: [8] Undefined index: REQUEST_METHOD D:\phpStudy\WWW\ThinkPHP\Library\Think\App.class.php 第 31 行.
NOTIC: [8] Undefined index: REQUEST_URI D:\phpStudy\WWW\ThinkPHP\Library\Think\Dispatcher.class.php 第 137 行.
NOTIC: [8] Use of undefined constant _PHP_FILE_ - assumed '_PHP_FILE_' D:\phpStudy\WWW\ThinkPHP\Library\Think\Dispatcher.class.php 第 186 行.
INFO: [ app_begin ] --START--
INFO: Run Behavior\ReadHtmlCacheBehavior [ RunTime:0.000430s ]
INFO: [ app_begin ] --END-- [ RunTime:0.000491s ]
NOTIC: [8] Undefined variable: _SESSION D:\phpStudy\WWW\Application\Home\Controller\ParentController.class.php 第 49 行.

[ 2016-12-27T13:31:40+08:00 ]  
INFO: [ app_init ] --START--
INFO: Run Behavior\BuildLiteBehavior [ RunTime:0.000028s ]
INFO: [ app_init ] --END-- [ RunTime:0.000505s ]
NOTIC: [8] Undefined index: REQUEST_METHOD D:\phpStudy\WWW\ThinkPHP\Library\Think\App.class.php 第 31 行.
NOTIC: [8] Undefined index: REQUEST_URI D:\phpStudy\WWW\ThinkPHP\Library\Think\Dispatcher.class.php 第 137 行.
NOTIC: [8] Use of undefined constant _PHP_FILE_ - assumed '_PHP_FILE_' D:\phpStudy\WWW\ThinkPHP\Library\Think\Dispatcher.class.php 第 186 行.
INFO: [ app_begin ] --START--
INFO: Run Behavior\ReadHtmlCacheBehavior [ RunTime:0.000684s ]
INFO: [ app_begin ] --END-- [ RunTime:0.000790s ]
NOTIC: [8] Undefined variable: _SESSION D:\phpStudy\WWW\Application\Home\Controller\ParentController.class.php 第 49 行.

[ 2016-12-27T13:48:04+08:00 ]  
INFO: [ app_init ] --START--
INFO: Run Behavior\BuildLiteBehavior [ RunTime:0.000028s ]
INFO: [ app_init ] --END-- [ RunTime:0.000454s ]
NOTIC: [8] Undefined index: REQUEST_METHOD D:\phpStudy\WWW\ThinkPHP\Library\Think\App.class.php 第 31 行.
NOTIC: [8] Undefined index: REQUEST_URI D:\phpStudy\WWW\ThinkPHP\Library\Think\Dispatcher.class.php 第 137 行.
NOTIC: [8] Use of undefined constant _PHP_FILE_ - assumed '_PHP_FILE_' D:\phpStudy\WWW\ThinkPHP\Library\Think\Dispatcher.class.php 第 186 行.
INFO: [ app_begin ] --START--
INFO: Run Behavior\ReadHtmlCacheBehavior [ RunTime:0.000464s ]
INFO: [ app_begin ] --END-- [ RunTime:0.000530s ]
NOTIC: [8] Undefined variable: _SESSION D:\phpStudy\WWW\Application\Home\Controller\ParentController.class.php 第 49 行.

[ 2016-12-27T13:48:24+08:00 ]  
INFO: [ app_init ] --START--
INFO: Run Behavior\BuildLiteBehavior [ RunTime:0.000028s ]
INFO: [ app_init ] --END-- [ RunTime:0.000497s ]
NOTIC: [8] Undefined index: REQUEST_METHOD D:\phpStudy\WWW\ThinkPHP\Library\Think\App.class.php 第 31 行.
NOTIC: [8] Undefined index: REQUEST_URI D:\phpStudy\WWW\ThinkPHP\Library\Think\Dispatcher.class.php 第 137 行.
NOTIC: [8] Use of undefined constant _PHP_FILE_ - assumed '_PHP_FILE_' D:\phpStudy\WWW\ThinkPHP\Library\Think\Dispatcher.class.php 第 186 行.
INFO: [ app_begin ] --START--
INFO: Run Behavior\ReadHtmlCacheBehavior [ RunTime:0.000424s ]
INFO: [ app_begin ] --END-- [ RunTime:0.000481s ]
NOTIC: [8] Undefined variable: _SESSION D:\phpStudy\WWW\Application\Home\Controller\ParentController.class.php 第 49 行.

[ 2016-12-27T13:49:13+08:00 ]  
INFO: [ app_init ] --START--
INFO: Run Behavior\BuildLiteBehavior [ RunTime:0.000023s ]
INFO: [ app_init ] --END-- [ RunTime:0.000479s ]
NOTIC: [8] Undefined index: REQUEST_METHOD D:\phpStudy\WWW\ThinkPHP\Library\Think\App.class.php 第 31 行.
NOTIC: [8] Undefined index: REQUEST_URI D:\phpStudy\WWW\ThinkPHP\Library\Think\Dispatcher.class.php 第 137 行.
NOTIC: [8] Use of undefined constant _PHP_FILE_ - assumed '_PHP_FILE_' D:\phpStudy\WWW\ThinkPHP\Library\Think\Dispatcher.class.php 第 186 行.
INFO: [ app_begin ] --START--
INFO: Run Behavior\ReadHtmlCacheBehavior [ RunTime:0.000728s ]
INFO: [ app_begin ] --END-- [ RunTime:0.000810s ]
NOTIC: [8] Undefined variable: _SESSION D:\phpStudy\WWW\Application\Home\Controller\ParentController.class.php 第 49 行.

[ 2016-12-27T14:04:37+08:00 ]  
INFO: [ app_init ] --START--
INFO: Run Behavior\BuildLiteBehavior [ RunTime:0.000012s ]
INFO: [ app_init ] --END-- [ RunTime:0.000304s ]
NOTIC: [8] Undefined index: REQUEST_METHOD D:\phpStudy\WWW\ThinkPHP\Library\Think\App.class.php 第 31 行.
NOTIC: [8] Undefined index: REQUEST_URI D:\phpStudy\WWW\ThinkPHP\Library\Think\Dispatcher.class.php 第 137 行.
NOTIC: [8] Use of undefined constant _PHP_FILE_ - assumed '_PHP_FILE_' D:\phpStudy\WWW\ThinkPHP\Library\Think\Dispatcher.class.php 第 186 行.
INFO: [ app_begin ] --START--
INFO: Run Behavior\ReadHtmlCacheBehavior [ RunTime:0.000731s ]
INFO: [ app_begin ] --END-- [ RunTime:0.000808s ]
NOTIC: [8] Undefined variable: _SESSION D:\phpStudy\WWW\Application\Home\Controller\ParentController.class.php 第 49 行.

[ 2016-12-27T14:18:17+08:00 ] 127.0.0.1 /
INFO: [ app_init ] --START--
INFO: Run Behavior\BuildLiteBehavior [ RunTime:0.000011s ]
INFO: [ app_init ] --END-- [ RunTime:0.000280s ]
INFO: [ app_begin ] --START--
INFO: Run Behavior\ReadHtmlCacheBehavior [ RunTime:0.000583s ]
INFO: [ app_begin ] --END-- [ RunTime:0.000621s ]
NOTIC: [8] Undefined index: session_name D:\phpStudy\WWW\Application\Home\Controller\ParentController.class.php 第 49 行.

[ 2016-12-27T14:18:17+08:00 ] 127.0.0.1 /home/users/login
INFO: [ app_init ] --START--
INFO: Run Behavior\BuildLiteBehavior [ RunTime:0.000012s ]
INFO: [ app_init ] --END-- [ RunTime:0.000309s ]
INFO: [ app_begin ] --START--
INFO: Run Behavior\ReadHtmlCacheBehavior [ RunTime:0.000530s ]
INFO: [ app_begin ] --END-- [ RunTime:0.000565s ]
NOTIC: [8] Undefined index: session_name D:\phpStudy\WWW\Application\Home\Controller\ParentController.class.php 第 49 行.
INFO: [ view_parse ] --START--
INFO: [ template_filter ] --START--
INFO: Run Behavior\ContentReplaceBehavior [ RunTime:0.000058s ]
INFO: [ template_filter ] --END-- [ RunTime:0.000113s ]
INFO: Run Behavior\ParseTemplateBehavior [ RunTime:0.130899s ]
INFO: [ view_parse ] --END-- [ RunTime:0.130953s ]
INFO: [ view_filter ] --START--
INFO: Run Behavior\WriteHtmlCacheBehavior [ RunTime:0.012739s ]
INFO: [ view_filter ] --END-- [ RunTime:0.012801s ]
INFO: [ app_end ] --START--
INFO: Run Behavior\ShowPageTraceBehavior [ RunTime:0.007111s ]
INFO: [ app_end ] --END-- [ RunTime:0.007174s ]

[ 2016-12-27T14:18:17+08:00 ] 127.0.0.1 /home/parent/create_vcode
INFO: [ app_init ] --START--
INFO: Run Behavior\BuildLiteBehavior [ RunTime:0.000013s ]
INFO: [ app_init ] --END-- [ RunTime:0.000320s ]
INFO: [ app_begin ] --START--
INFO: Run Behavior\ReadHtmlCacheBehavior [ RunTime:0.000780s ]
INFO: [ app_begin ] --END-- [ RunTime:0.000828s ]
INFO: [ app_end ] --START--
INFO: Run Behavior\ShowPageTraceBehavior [ RunTime:0.000910s ]
INFO: [ app_end ] --END-- [ RunTime:0.000983s ]

[ 2016-12-27T14:18:19+08:00 ] 127.0.0.1 /index.php
INFO: [ app_init ] --START--
INFO: Run Behavior\BuildLiteBehavior [ RunTime:0.000017s ]
INFO: [ app_init ] --END-- [ RunTime:0.000406s ]
INFO: [ app_begin ] --START--
INFO: Run Behavior\ReadHtmlCacheBehavior [ RunTime:0.000741s ]
INFO: [ app_begin ] --END-- [ RunTime:0.000797s ]
NOTIC: [8] Undefined index: session_name D:\phpStudy\WWW\Application\Home\Controller\ParentController.class.php 第 49 行.

[ 2016-12-27T14:18:26+08:00 ] 127.0.0.1 /home/parent/create_vcode
INFO: [ app_init ] --START--
INFO: Run Behavior\BuildLiteBehavior [ RunTime:0.000017s ]
INFO: [ app_init ] --END-- [ RunTime:0.000422s ]
INFO: [ app_begin ] --START--
INFO: Run Behavior\ReadHtmlCacheBehavior [ RunTime:0.000550s ]
INFO: [ app_begin ] --END-- [ RunTime:0.000584s ]
INFO: [ app_end ] --START--
INFO: Run Behavior\ShowPageTraceBehavior [ RunTime:0.000909s ]
INFO: [ app_end ] --END-- [ RunTime:0.000968s ]

[ 2016-12-27T14:18:31+08:00 ] 127.0.0.1 /home/users/do_login
INFO: [ app_init ] --START--
INFO: Run Behavior\BuildLiteBehavior [ RunTime:0.000010s ]
INFO: [ app_init ] --END-- [ RunTime:0.000269s ]
INFO: [ app_begin ] --START--
INFO: Run Behavior\ReadHtmlCacheBehavior [ RunTime:0.000559s ]
INFO: [ app_begin ] --END-- [ RunTime:0.000592s ]
NOTIC: [8] Undefined index: session_name D:\phpStudy\WWW\Application\Home\Controller\ParentController.class.php 第 49 行.
SQL: SELECT * FROM `ur_user` WHERE ( uername="test1" ) LIMIT 1   [ RunTime:0.0008s ]
INFO: [ app_end ] --START--
INFO: Run Behavior\ShowPageTraceBehavior [ RunTime:0.000635s ]
INFO: [ app_end ] --END-- [ RunTime:0.000669s ]

[ 2016-12-27T14:18:31+08:00 ] 127.0.0.1 /home/Category/categoryList/?id=1
INFO: [ app_init ] --START--
INFO: Run Behavior\BuildLiteBehavior [ RunTime:0.000016s ]
INFO: [ app_init ] --END-- [ RunTime:0.000341s ]
INFO: [ app_begin ] --START--
INFO: Run Behavior\ReadHtmlCacheBehavior [ RunTime:0.000612s ]
INFO: [ app_begin ] --END-- [ RunTime:0.000663s ]
SQL: SELECT ur_user.id as id,ur_user.uername,ur_user.password,ur_role.rolecode,ur_role.rolename,um1.id as mid,um1.moduelcode,um1.moduelname as childmoduelname,um1.levelname,um1.parentid,um1.moduelurl,um2.moduelname as parentmoduelname,ur_permission.pricode,ur_permission.priname FROM `ur_user` ur_user LEFT JOIN ur_userRole on ur_user.id = ur_userRole.userid
LEFT JOIN ur_role on ur_role.id=ur_userRole.roleid LEFT JOIN ur_rolePermission
on ur_role.id=ur_rolePermission.roleid
LEFT JOIN ur_moduelPermission on ur_rolePermission.mpid=ur_moduelPermission.id
LEFT JOIN ur_permission on ur_permission.id = ur_moduelPermission.priid
LEFT JOIN ur_moduel as um1 on um1.id = ur_moduelPermission.modid
LEFT JOIN ur_moduel  as um2 on um1.parentid=um2.id  WHERE ( ur_user.id=1 )  [ RunTime:0.0007s ]
INFO: [ view_parse ] --START--
INFO: [ template_filter ] --START--
INFO: Run Behavior\ContentReplaceBehavior [ RunTime:0.000062s ]
INFO: [ template_filter ] --END-- [ RunTime:0.000104s ]
NOTIC: [8] Undefined variable: role D:\phpStudy\WWW\Application\Runtime\Cache\Home\ba6fb7a53f563b144b12320b453a6dd1.php 第 48 行.
NOTIC: [8] Undefined variable: username D:\phpStudy\WWW\Application\Runtime\Cache\Home\ba6fb7a53f563b144b12320b453a6dd1.php 第 49 行.
INFO: Run Behavior\ParseTemplateBehavior [ RunTime:0.106263s ]
INFO: [ view_parse ] --END-- [ RunTime:0.106302s ]
INFO: [ view_filter ] --START--
INFO: Run Behavior\WriteHtmlCacheBehavior [ RunTime:0.000425s ]
INFO: [ view_filter ] --END-- [ RunTime:0.000457s ]
INFO: [ app_end ] --START--
INFO: Run Behavior\ShowPageTraceBehavior [ RunTime:0.000570s ]
INFO: [ app_end ] --END-- [ RunTime:0.000600s ]

[ 2016-12-27T14:18:31+08:00 ] 127.0.0.1 /home/category/welcome.html
INFO: [ app_init ] --START--
INFO: Run Behavior\BuildLiteBehavior [ RunTime:0.000014s ]
INFO: [ app_init ] --END-- [ RunTime:0.000445s ]
INFO: [ app_begin ] --START--
INFO: Run Behavior\ReadHtmlCacheBehavior [ RunTime:0.000495s ]
INFO: [ app_begin ] --END-- [ RunTime:0.000544s ]
INFO: [ view_parse ] --START--
INFO: [ template_filter ] --START--
INFO: Run Behavior\ContentReplaceBehavior [ RunTime:0.000052s ]
INFO: [ template_filter ] --END-- [ RunTime:0.000100s ]
INFO: Run Behavior\ParseTemplateBehavior [ RunTime:0.086229s ]
INFO: [ view_parse ] --END-- [ RunTime:0.086323s ]
INFO: [ view_filter ] --START--
INFO: Run Behavior\WriteHtmlCacheBehavior [ RunTime:0.000384s ]
INFO: [ view_filter ] --END-- [ RunTime:0.000427s ]
INFO: [ app_end ] --START--
INFO: Run Behavior\ShowPageTraceBehavior [ RunTime:0.000668s ]
INFO: [ app_end ] --END-- [ RunTime:0.000725s ]

[ 2016-12-27T14:19:01+08:00 ] 127.0.0.1 /home/Category/categoryList/article-add.html
INFO: [ app_init ] --START--
INFO: Run Behavior\BuildLiteBehavior [ RunTime:0.000011s ]
INFO: [ app_init ] --END-- [ RunTime:0.000311s ]
INFO: [ app_begin ] --START--
INFO: Run Behavior\ReadHtmlCacheBehavior [ RunTime:0.000645s ]
INFO: [ app_begin ] --END-- [ RunTime:0.000716s ]
ERR: 参数错误或者未定义:id

[ 2016-12-27T14:19:15+08:00 ] 127.0.0.1 /home/users/do_login
INFO: [ app_init ] --START--
INFO: Run Behavior\BuildLiteBehavior [ RunTime:0.000017s ]
INFO: [ app_init ] --END-- [ RunTime:0.000325s ]
INFO: [ app_begin ] --START--
INFO: Run Behavior\ReadHtmlCacheBehavior [ RunTime:0.000485s ]
INFO: [ app_begin ] --END-- [ RunTime:0.000519s ]
INFO: [ app_end ] --START--
INFO: Run Behavior\ShowPageTraceBehavior [ RunTime:0.000903s ]
INFO: [ app_end ] --END-- [ RunTime:0.000969s ]

[ 2016-12-27T14:19:15+08:00 ] 127.0.0.1 /home/parent/create_vcode
INFO: [ app_init ] --START--
INFO: Run Behavior\BuildLiteBehavior [ RunTime:0.000010s ]
INFO: [ app_init ] --END-- [ RunTime:0.000273s ]
INFO: [ app_begin ] --START--
INFO: Run Behavior\ReadHtmlCacheBehavior [ RunTime:0.000483s ]
INFO: [ app_begin ] --END-- [ RunTime:0.000516s ]
INFO: [ app_end ] --START--
INFO: Run Behavior\ShowPageTraceBehavior [ RunTime:0.000556s ]
INFO: [ app_end ] --END-- [ RunTime:0.000592s ]

[ 2016-12-27T14:19:22+08:00 ] 127.0.0.1 /home/users/do_login
INFO: [ app_init ] --START--
INFO: Run Behavior\BuildLiteBehavior [ RunTime:0.000016s ]
INFO: [ app_init ] --END-- [ RunTime:0.000431s ]
INFO: [ app_begin ] --START--
INFO: Run Behavior\ReadHtmlCacheBehavior [ RunTime:0.000438s ]
INFO: [ app_begin ] --END-- [ RunTime:0.000485s ]
SQL: SELECT * FROM `ur_user` WHERE ( uername="test1" ) LIMIT 1   [ RunTime:0.0008s ]
INFO: [ app_end ] --START--
INFO: Run Behavior\ShowPageTraceBehavior [ RunTime:0.000536s ]
INFO: [ app_end ] --END-- [ RunTime:0.000567s ]

[ 2016-12-27T14:19:22+08:00 ] 127.0.0.1 /home/Category/categoryList/?id=1
INFO: [ app_init ] --START--
INFO: Run Behavior\BuildLiteBehavior [ RunTime:0.000017s ]
INFO: [ app_init ] --END-- [ RunTime:0.000422s ]
INFO: [ app_begin ] --START--
INFO: Run Behavior\ReadHtmlCacheBehavior [ RunTime:0.000473s ]
INFO: [ app_begin ] --END-- [ RunTime:0.000510s ]
SQL: SELECT ur_user.id as id,ur_user.uername,ur_user.password,ur_role.rolecode,ur_role.rolename,um1.id as mid,um1.moduelcode,um1.moduelname as childmoduelname,um1.levelname,um1.parentid,um1.moduelurl,um2.moduelname as parentmoduelname,ur_permission.pricode,ur_permission.priname FROM `ur_user` ur_user LEFT JOIN ur_userRole on ur_user.id = ur_userRole.userid
LEFT JOIN ur_role on ur_role.id=ur_userRole.roleid LEFT JOIN ur_rolePermission
on ur_role.id=ur_rolePermission.roleid
LEFT JOIN ur_moduelPermission on ur_rolePermission.mpid=ur_moduelPermission.id
LEFT JOIN ur_permission on ur_permission.id = ur_moduelPermission.priid
LEFT JOIN ur_moduel as um1 on um1.id = ur_moduelPermission.modid
LEFT JOIN ur_moduel  as um2 on um1.parentid=um2.id  WHERE ( ur_user.id=1 )  [ RunTime:0.0012s ]
INFO: [ view_parse ] --START--
INFO: [ template_filter ] --START--
INFO: Run Behavior\ContentReplaceBehavior [ RunTime:0.000060s ]
INFO: [ template_filter ] --END-- [ RunTime:0.000100s ]
NOTIC: [8] Undefined variable: role D:\phpStudy\WWW\Application\Runtime\Cache\Home\ba6fb7a53f563b144b12320b453a6dd1.php 第 48 行.
NOTIC: [8] Undefined variable: username D:\phpStudy\WWW\Application\Runtime\Cache\Home\ba6fb7a53f563b144b12320b453a6dd1.php 第 49 行.
INFO: Run Behavior\ParseTemplateBehavior [ RunTime:0.063727s ]
INFO: [ view_parse ] --END-- [ RunTime:0.063765s ]
INFO: [ view_filter ] --START--
INFO: Run Behavior\WriteHtmlCacheBehavior [ RunTime:0.000345s ]
INFO: [ view_filter ] --END-- [ RunTime:0.000376s ]
INFO: [ app_end ] --START--
INFO: Run Behavior\ShowPageTraceBehavior [ RunTime:0.000798s ]
INFO: [ app_end ] --END-- [ RunTime:0.000845s ]

[ 2016-12-27T14:19:22+08:00 ] 127.0.0.1 /home/category/welcome.html
INFO: [ app_init ] --START--
INFO: Run Behavior\BuildLiteBehavior [ RunTime:0.000032s ]
INFO: [ app_init ] --END-- [ RunTime:0.000700s ]
INFO: [ app_begin ] --START--
INFO: Run Behavior\ReadHtmlCacheBehavior [ RunTime:0.000525s ]
INFO: [ app_begin ] --END-- [ RunTime:0.000575s ]
INFO: [ view_parse ] --START--
INFO: [ template_filter ] --START--
INFO: Run Behavior\ContentReplaceBehavior [ RunTime:0.000052s ]
INFO: [ template_filter ] --END-- [ RunTime:0.000097s ]
INFO: Run Behavior\ParseTemplateBehavior [ RunTime:0.007245s ]
INFO: [ view_parse ] --END-- [ RunTime:0.007313s ]
INFO: [ view_filter ] --START--
INFO: Run Behavior\WriteHtmlCacheBehavior [ RunTime:0.000320s ]
INFO: [ view_filter ] --END-- [ RunTime:0.000358s ]
INFO: [ app_end ] --START--
INFO: Run Behavior\ShowPageTraceBehavior [ RunTime:0.000602s ]
INFO: [ app_end ] --END-- [ RunTime:0.000639s ]

