[ 2017-01-03T08:17:30+08:00 ] 127.0.0.1 /
INFO: [ app_init ] --START--
INFO: Run Behavior\BuildLiteBehavior [ RunTime:0.000020s ]
INFO: [ app_init ] --END-- [ RunTime:0.000619s ]
INFO: [ app_begin ] --START--
INFO: Run Behavior\ReadHtmlCacheBehavior [ RunTime:0.024646s ]
INFO: [ app_begin ] --END-- [ RunTime:0.024743s ]
NOTIC: [8] Undefined index: session_name D:\phpStudy\WWW\Application\Home\Controller\ParentController.class.php 第 49 行.

[ 2017-01-03T08:17:30+08:00 ] 127.0.0.1 /home/users/login
INFO: [ app_init ] --START--
INFO: Run Behavior\BuildLiteBehavior [ RunTime:0.000018s ]
INFO: [ app_init ] --END-- [ RunTime:0.000294s ]
INFO: [ app_begin ] --START--
INFO: Run Behavior\ReadHtmlCacheBehavior [ RunTime:0.000381s ]
INFO: [ app_begin ] --END-- [ RunTime:0.000415s ]
NOTIC: [8] Undefined index: session_name D:\phpStudy\WWW\Application\Home\Controller\ParentController.class.php 第 49 行.
INFO: [ view_parse ] --START--
INFO: [ template_filter ] --START--
INFO: Run Behavior\ContentReplaceBehavior [ RunTime:0.000647s ]
INFO: [ template_filter ] --END-- [ RunTime:0.000690s ]
INFO: Run Behavior\ParseTemplateBehavior [ RunTime:0.102600s ]
INFO: [ view_parse ] --END-- [ RunTime:0.102646s ]
INFO: [ view_filter ] --START--
INFO: Run Behavior\WriteHtmlCacheBehavior [ RunTime:0.007474s ]
INFO: [ view_filter ] --END-- [ RunTime:0.007527s ]
INFO: [ app_end ] --START--
INFO: Run Behavior\ShowPageTraceBehavior [ RunTime:0.006218s ]
INFO: [ app_end ] --END-- [ RunTime:0.006253s ]

[ 2017-01-03T08:17:30+08:00 ] 127.0.0.1 /home/parent/create_vcode
INFO: [ app_init ] --START--
INFO: Run Behavior\BuildLiteBehavior [ RunTime:0.000009s ]
INFO: [ app_init ] --END-- [ RunTime:0.000255s ]
INFO: [ app_begin ] --START--
INFO: Run Behavior\ReadHtmlCacheBehavior [ RunTime:0.000338s ]
INFO: [ app_begin ] --END-- [ RunTime:0.000369s ]
INFO: [ app_end ] --START--
INFO: Run Behavior\ShowPageTraceBehavior [ RunTime:0.000508s ]
INFO: [ app_end ] --END-- [ RunTime:0.000557s ]

[ 2017-01-03T08:17:42+08:00 ] 127.0.0.1 /home/users/do_login
INFO: [ app_init ] --START--
INFO: Run Behavior\BuildLiteBehavior [ RunTime:0.000010s ]
INFO: [ app_init ] --END-- [ RunTime:0.000281s ]
INFO: [ app_begin ] --START--
INFO: Run Behavior\ReadHtmlCacheBehavior [ RunTime:0.000449s ]
INFO: [ app_begin ] --END-- [ RunTime:0.000483s ]
NOTIC: [8] Undefined index: session_name D:\phpStudy\WWW\Application\Home\Controller\ParentController.class.php 第 49 行.
SQL: SELECT * FROM `ur_user` WHERE ( uername="test1" ) LIMIT 1   [ RunTime:0.0007s ]
INFO: [ app_end ] --START--
INFO: Run Behavior\ShowPageTraceBehavior [ RunTime:0.000460s ]
INFO: [ app_end ] --END-- [ RunTime:0.000490s ]

[ 2017-01-03T08:17:42+08:00 ] 127.0.0.1 /home/Category/categoryList/?id=1
INFO: [ app_init ] --START--
INFO: Run Behavior\BuildLiteBehavior [ RunTime:0.000010s ]
INFO: [ app_init ] --END-- [ RunTime:0.000233s ]
INFO: [ app_begin ] --START--
INFO: Run Behavior\ReadHtmlCacheBehavior [ RunTime:0.000336s ]
INFO: [ app_begin ] --END-- [ RunTime:0.000367s ]
SQL: SELECT ur_user.id as id,ur_user.uername,ur_user.password,ur_role.rolecode,ur_role.rolename,um1.id as mid,um1.moduelcode,um1.moduelname as childmoduelname,um1.levelname,um1.parentid,um1.moduelurl,um2.moduelname as parentmoduelname,ur_permission.pricode,ur_permission.priname FROM `ur_user` ur_user LEFT JOIN ur_userRole on ur_user.id = ur_userRole.userid
LEFT JOIN ur_role on ur_role.id=ur_userRole.roleid LEFT JOIN ur_rolePermission
on ur_role.id=ur_rolePermission.roleid
LEFT JOIN ur_moduelPermission on ur_rolePermission.mpid=ur_moduelPermission.id
LEFT JOIN ur_permission on ur_permission.id = ur_moduelPermission.priid
LEFT JOIN ur_moduel as um1 on um1.id = ur_moduelPermission.modid
LEFT JOIN ur_moduel  as um2 on um1.parentid=um2.id  WHERE ( ur_user.id=1 )  [ RunTime:0.0018s ]
INFO: [ view_parse ] --START--
INFO: [ template_filter ] --START--
INFO: Run Behavior\ContentReplaceBehavior [ RunTime:0.000066s ]
INFO: [ template_filter ] --END-- [ RunTime:0.000115s ]
NOTIC: [2] Illegal string offset 'moduelurl' D:\phpStudy\WWW\Application\Runtime\Cache\Home\ba6fb7a53f563b144b12320b453a6dd1.php 第 79 行.
NOTIC: [2] Illegal string offset 'childmoduelname' D:\phpStudy\WWW\Application\Runtime\Cache\Home\ba6fb7a53f563b144b12320b453a6dd1.php 第 79 行.
NOTIC: [2] Illegal string offset 'moduelurl' D:\phpStudy\WWW\Application\Runtime\Cache\Home\ba6fb7a53f563b144b12320b453a6dd1.php 第 79 行.
NOTIC: [2] Illegal string offset 'childmoduelname' D:\phpStudy\WWW\Application\Runtime\Cache\Home\ba6fb7a53f563b144b12320b453a6dd1.php 第 79 行.
NOTIC: [2] Illegal string offset 'moduelurl' D:\phpStudy\WWW\Application\Runtime\Cache\Home\ba6fb7a53f563b144b12320b453a6dd1.php 第 79 行.
NOTIC: [2] Illegal string offset 'childmoduelname' D:\phpStudy\WWW\Application\Runtime\Cache\Home\ba6fb7a53f563b144b12320b453a6dd1.php 第 79 行.
NOTIC: [2] Illegal string offset 'moduelurl' D:\phpStudy\WWW\Application\Runtime\Cache\Home\ba6fb7a53f563b144b12320b453a6dd1.php 第 79 行.
NOTIC: [2] Illegal string offset 'childmoduelname' D:\phpStudy\WWW\Application\Runtime\Cache\Home\ba6fb7a53f563b144b12320b453a6dd1.php 第 79 行.
NOTIC: [2] Illegal string offset 'moduelurl' D:\phpStudy\WWW\Application\Runtime\Cache\Home\ba6fb7a53f563b144b12320b453a6dd1.php 第 79 行.
NOTIC: [2] Illegal string offset 'childmoduelname' D:\phpStudy\WWW\Application\Runtime\Cache\Home\ba6fb7a53f563b144b12320b453a6dd1.php 第 79 行.
NOTIC: [2] Illegal string offset 'moduelurl' D:\phpStudy\WWW\Application\Runtime\Cache\Home\ba6fb7a53f563b144b12320b453a6dd1.php 第 79 行.
NOTIC: [2] Illegal string offset 'childmoduelname' D:\phpStudy\WWW\Application\Runtime\Cache\Home\ba6fb7a53f563b144b12320b453a6dd1.php 第 79 行.
NOTIC: [2] Illegal string offset 'moduelurl' D:\phpStudy\WWW\Application\Runtime\Cache\Home\ba6fb7a53f563b144b12320b453a6dd1.php 第 79 行.
NOTIC: [2] Illegal string offset 'childmoduelname' D:\phpStudy\WWW\Application\Runtime\Cache\Home\ba6fb7a53f563b144b12320b453a6dd1.php 第 79 行.
NOTIC: [2] Illegal string offset 'moduelurl' D:\phpStudy\WWW\Application\Runtime\Cache\Home\ba6fb7a53f563b144b12320b453a6dd1.php 第 79 行.
NOTIC: [2] Illegal string offset 'childmoduelname' D:\phpStudy\WWW\Application\Runtime\Cache\Home\ba6fb7a53f563b144b12320b453a6dd1.php 第 79 行.
NOTIC: [2] Illegal string offset 'moduelurl' D:\phpStudy\WWW\Application\Runtime\Cache\Home\ba6fb7a53f563b144b12320b453a6dd1.php 第 79 行.
NOTIC: [2] Illegal string offset 'childmoduelname' D:\phpStudy\WWW\Application\Runtime\Cache\Home\ba6fb7a53f563b144b12320b453a6dd1.php 第 79 行.
NOTIC: [2] Illegal string offset 'moduelurl' D:\phpStudy\WWW\Application\Runtime\Cache\Home\ba6fb7a53f563b144b12320b453a6dd1.php 第 79 行.
NOTIC: [2] Illegal string offset 'childmoduelname' D:\phpStudy\WWW\Application\Runtime\Cache\Home\ba6fb7a53f563b144b12320b453a6dd1.php 第 79 行.
NOTIC: [2] Illegal string offset 'moduelurl' D:\phpStudy\WWW\Application\Runtime\Cache\Home\ba6fb7a53f563b144b12320b453a6dd1.php 第 79 行.
NOTIC: [2] Illegal string offset 'childmoduelname' D:\phpStudy\WWW\Application\Runtime\Cache\Home\ba6fb7a53f563b144b12320b453a6dd1.php 第 79 行.
NOTIC: [2] Illegal string offset 'moduelurl' D:\phpStudy\WWW\Application\Runtime\Cache\Home\ba6fb7a53f563b144b12320b453a6dd1.php 第 79 行.
NOTIC: [2] Illegal string offset 'childmoduelname' D:\phpStudy\WWW\Application\Runtime\Cache\Home\ba6fb7a53f563b144b12320b453a6dd1.php 第 79 行.
NOTIC: [2] Illegal string offset 'moduelurl' D:\phpStudy\WWW\Application\Runtime\Cache\Home\ba6fb7a53f563b144b12320b453a6dd1.php 第 79 行.
NOTIC: [2] Illegal string offset 'childmoduelname' D:\phpStudy\WWW\Application\Runtime\Cache\Home\ba6fb7a53f563b144b12320b453a6dd1.php 第 79 行.
NOTIC: [2] Illegal string offset 'moduelurl' D:\phpStudy\WWW\Application\Runtime\Cache\Home\ba6fb7a53f563b144b12320b453a6dd1.php 第 79 行.
NOTIC: [2] Illegal string offset 'childmoduelname' D:\phpStudy\WWW\Application\Runtime\Cache\Home\ba6fb7a53f563b144b12320b453a6dd1.php 第 79 行.
NOTIC: [2] Illegal string offset 'moduelurl' D:\phpStudy\WWW\Application\Runtime\Cache\Home\ba6fb7a53f563b144b12320b453a6dd1.php 第 79 行.
NOTIC: [2] Illegal string offset 'childmoduelname' D:\phpStudy\WWW\Application\Runtime\Cache\Home\ba6fb7a53f563b144b12320b453a6dd1.php 第 79 行.
NOTIC: [2] Illegal string offset 'moduelurl' D:\phpStudy\WWW\Application\Runtime\Cache\Home\ba6fb7a53f563b144b12320b453a6dd1.php 第 79 行.
NOTIC: [2] Illegal string offset 'childmoduelname' D:\phpStudy\WWW\Application\Runtime\Cache\Home\ba6fb7a53f563b144b12320b453a6dd1.php 第 79 行.
NOTIC: [2] Illegal string offset 'moduelurl' D:\phpStudy\WWW\Application\Runtime\Cache\Home\ba6fb7a53f563b144b12320b453a6dd1.php 第 79 行.
NOTIC: [2] Illegal string offset 'childmoduelname' D:\phpStudy\WWW\Application\Runtime\Cache\Home\ba6fb7a53f563b144b12320b453a6dd1.php 第 79 行.
NOTIC: [2] Illegal string offset 'moduelurl' D:\phpStudy\WWW\Application\Runtime\Cache\Home\ba6fb7a53f563b144b12320b453a6dd1.php 第 79 行.
NOTIC: [2] Illegal string offset 'childmoduelname' D:\phpStudy\WWW\Application\Runtime\Cache\Home\ba6fb7a53f563b144b12320b453a6dd1.php 第 79 行.
NOTIC: [2] Illegal string offset 'moduelurl' D:\phpStudy\WWW\Application\Runtime\Cache\Home\ba6fb7a53f563b144b12320b453a6dd1.php 第 79 行.
NOTIC: [2] Illegal string offset 'childmoduelname' D:\phpStudy\WWW\Application\Runtime\Cache\Home\ba6fb7a53f563b144b12320b453a6dd1.php 第 79 行.
NOTIC: [2] Illegal string offset 'moduelurl' D:\phpStudy\WWW\Application\Runtime\Cache\Home\ba6fb7a53f563b144b12320b453a6dd1.php 第 79 行.
NOTIC: [2] Illegal string offset 'childmoduelname' D:\phpStudy\WWW\Application\Runtime\Cache\Home\ba6fb7a53f563b144b12320b453a6dd1.php 第 79 行.
INFO: Run Behavior\ParseTemplateBehavior [ RunTime:0.069188s ]
INFO: [ view_parse ] --END-- [ RunTime:0.069224s ]
INFO: [ view_filter ] --START--
INFO: Run Behavior\WriteHtmlCacheBehavior [ RunTime:0.000235s ]
INFO: [ view_filter ] --END-- [ RunTime:0.000258s ]
INFO: [ app_end ] --START--
INFO: Run Behavior\ShowPageTraceBehavior [ RunTime:0.000626s ]
INFO: [ app_end ] --END-- [ RunTime:0.000667s ]

[ 2017-01-03T08:17:42+08:00 ] 127.0.0.1 /home/category/welcome.html
INFO: [ app_init ] --START--
INFO: Run Behavior\BuildLiteBehavior [ RunTime:0.000016s ]
INFO: [ app_init ] --END-- [ RunTime:0.000414s ]
INFO: [ app_begin ] --START--
INFO: Run Behavior\ReadHtmlCacheBehavior [ RunTime:0.000662s ]
INFO: [ app_begin ] --END-- [ RunTime:0.000712s ]
INFO: [ view_parse ] --START--
INFO: [ template_filter ] --START--
INFO: Run Behavior\ContentReplaceBehavior [ RunTime:0.000079s ]
INFO: [ template_filter ] --END-- [ RunTime:0.000164s ]
INFO: Run Behavior\ParseTemplateBehavior [ RunTime:0.098072s ]
INFO: [ view_parse ] --END-- [ RunTime:0.098138s ]
INFO: [ view_filter ] --START--
INFO: Run Behavior\WriteHtmlCacheBehavior [ RunTime:0.000409s ]
INFO: [ view_filter ] --END-- [ RunTime:0.000453s ]
INFO: [ app_end ] --START--
INFO: Run Behavior\ShowPageTraceBehavior [ RunTime:0.000822s ]
INFO: [ app_end ] --END-- [ RunTime:0.000876s ]

[ 2017-01-03T08:19:41+08:00 ] ::1 /
INFO: [ app_init ] --START--
INFO: Run Behavior\BuildLiteBehavior [ RunTime:0.000011s ]
INFO: [ app_init ] --END-- [ RunTime:0.000316s ]
INFO: [ app_begin ] --START--
INFO: Run Behavior\ReadHtmlCacheBehavior [ RunTime:0.000373s ]
INFO: [ app_begin ] --END-- [ RunTime:0.000416s ]
NOTIC: [8] Undefined index: session_name D:\phpStudy\WWW\Application\Home\Controller\ParentController.class.php 第 49 行.

[ 2017-01-03T08:19:41+08:00 ] ::1 /home/users/login
INFO: [ app_init ] --START--
INFO: Run Behavior\BuildLiteBehavior [ RunTime:0.000019s ]
INFO: [ app_init ] --END-- [ RunTime:0.000474s ]
INFO: [ app_begin ] --START--
INFO: Run Behavior\ReadHtmlCacheBehavior [ RunTime:0.000511s ]
INFO: [ app_begin ] --END-- [ RunTime:0.000557s ]
NOTIC: [8] Undefined index: session_name D:\phpStudy\WWW\Application\Home\Controller\ParentController.class.php 第 49 行.
INFO: [ view_parse ] --START--
INFO: [ template_filter ] --START--
INFO: Run Behavior\ContentReplaceBehavior [ RunTime:0.000041s ]
INFO: [ template_filter ] --END-- [ RunTime:0.000072s ]
INFO: Run Behavior\ParseTemplateBehavior [ RunTime:0.004668s ]
INFO: [ view_parse ] --END-- [ RunTime:0.004703s ]
INFO: [ view_filter ] --START--
INFO: Run Behavior\WriteHtmlCacheBehavior [ RunTime:0.000153s ]
INFO: [ view_filter ] --END-- [ RunTime:0.000177s ]
INFO: [ app_end ] --START--
INFO: Run Behavior\ShowPageTraceBehavior [ RunTime:0.000336s ]
INFO: [ app_end ] --END-- [ RunTime:0.000362s ]

[ 2017-01-03T08:19:41+08:00 ] ::1 /
INFO: [ app_init ] --START--
INFO: Run Behavior\BuildLiteBehavior [ RunTime:0.000014s ]
INFO: [ app_init ] --END-- [ RunTime:0.000273s ]
INFO: [ app_begin ] --START--
INFO: Run Behavior\ReadHtmlCacheBehavior [ RunTime:0.000336s ]
INFO: [ app_begin ] --END-- [ RunTime:0.000367s ]
NOTIC: [8] Undefined index: session_name D:\phpStudy\WWW\Application\Home\Controller\ParentController.class.php 第 49 行.

[ 2017-01-03T08:19:41+08:00 ] ::1 /home/users/login
INFO: [ app_init ] --START--
INFO: Run Behavior\BuildLiteBehavior [ RunTime:0.000014s ]
INFO: [ app_init ] --END-- [ RunTime:0.000337s ]
INFO: [ app_begin ] --START--
INFO: Run Behavior\ReadHtmlCacheBehavior [ RunTime:0.000505s ]
INFO: [ app_begin ] --END-- [ RunTime:0.000552s ]
NOTIC: [8] Undefined index: session_name D:\phpStudy\WWW\Application\Home\Controller\ParentController.class.php 第 49 行.
INFO: [ view_parse ] --START--
INFO: [ template_filter ] --START--
INFO: Run Behavior\ContentReplaceBehavior [ RunTime:0.000146s ]
INFO: [ template_filter ] --END-- [ RunTime:0.000255s ]
INFO: Run Behavior\ParseTemplateBehavior [ RunTime:0.007623s ]
INFO: [ view_parse ] --END-- [ RunTime:0.007663s ]
INFO: [ view_filter ] --START--
INFO: Run Behavior\WriteHtmlCacheBehavior [ RunTime:0.000191s ]
INFO: [ view_filter ] --END-- [ RunTime:0.000217s ]
INFO: [ app_end ] --START--
INFO: Run Behavior\ShowPageTraceBehavior [ RunTime:0.000334s ]
INFO: [ app_end ] --END-- [ RunTime:0.000360s ]

[ 2017-01-03T08:19:41+08:00 ] 127.0.0.1 /index.php
INFO: [ app_init ] --START--
INFO: Run Behavior\BuildLiteBehavior [ RunTime:0.000008s ]
INFO: [ app_init ] --END-- [ RunTime:0.000221s ]
INFO: [ app_begin ] --START--
INFO: Run Behavior\ReadHtmlCacheBehavior [ RunTime:0.000333s ]
INFO: [ app_begin ] --END-- [ RunTime:0.000364s ]
NOTIC: [8] Undefined index: session_name D:\phpStudy\WWW\Application\Home\Controller\ParentController.class.php 第 49 行.

[ 2017-01-03T10:12:05+08:00 ] 127.0.0.1 /index.php
INFO: [ app_init ] --START--
INFO: Run Behavior\BuildLiteBehavior [ RunTime:0.000011s ]
INFO: [ app_init ] --END-- [ RunTime:0.000349s ]
INFO: [ app_begin ] --START--
INFO: Run Behavior\ReadHtmlCacheBehavior [ RunTime:0.000453s ]
INFO: [ app_begin ] --END-- [ RunTime:0.000485s ]
NOTIC: [8] Undefined index: session_name D:\phpStudy\WWW\Application\Home\Controller\ParentController.class.php 第 49 行.

[ 2017-01-03T11:40:49+08:00 ] 127.0.0.1 /index.php
INFO: [ app_init ] --START--
INFO: Run Behavior\BuildLiteBehavior [ RunTime:0.000024s ]
INFO: [ app_init ] --END-- [ RunTime:0.000710s ]
INFO: [ app_begin ] --START--
INFO: Run Behavior\ReadHtmlCacheBehavior [ RunTime:0.001153s ]
INFO: [ app_begin ] --END-- [ RunTime:0.001249s ]
NOTIC: [8] Undefined index: session_name D:\phpStudy\WWW\Application\Home\Controller\ParentController.class.php 第 49 行.

