[ 2017-01-06T14:51:51+08:00 ] 127.0.0.1 /
INFO: [ app_init ] --START--
INFO: Run Behavior\BuildLiteBehavior [ RunTime:0.000016s ]
INFO: [ app_init ] --END-- [ RunTime:0.009477s ]
INFO: [ app_begin ] --START--
INFO: Run Behavior\ReadHtmlCacheBehavior [ RunTime:0.010461s ]
INFO: [ app_begin ] --END-- [ RunTime:0.010500s ]
NOTIC: [8] Undefined index: session_name D:\phpStudy\WWW\Application\Home\Controller\ParentController.class.php 第 49 行.

[ 2017-01-06T14:51:51+08:00 ] 127.0.0.1 /
INFO: [ app_init ] --START--
INFO: Run Behavior\BuildLiteBehavior [ RunTime:0.000009s ]
INFO: [ app_init ] --END-- [ RunTime:0.000244s ]
INFO: [ app_begin ] --START--
INFO: Run Behavior\ReadHtmlCacheBehavior [ RunTime:0.000350s ]
INFO: [ app_begin ] --END-- [ RunTime:0.000382s ]
NOTIC: [8] Undefined index: session_name D:\phpStudy\WWW\Application\Home\Controller\ParentController.class.php 第 49 行.

[ 2017-01-06T14:51:51+08:00 ] 127.0.0.1 /home/users/login
INFO: [ app_init ] --START--
INFO: Run Behavior\BuildLiteBehavior [ RunTime:0.000016s ]
INFO: [ app_init ] --END-- [ RunTime:0.000289s ]
INFO: [ app_begin ] --START--
INFO: Run Behavior\ReadHtmlCacheBehavior [ RunTime:0.000384s ]
INFO: [ app_begin ] --END-- [ RunTime:0.000427s ]
NOTIC: [8] Undefined index: session_name D:\phpStudy\WWW\Application\Home\Controller\ParentController.class.php 第 49 行.
INFO: [ view_parse ] --START--
INFO: [ template_filter ] --START--
INFO: Run Behavior\ContentReplaceBehavior [ RunTime:0.000305s ]
INFO: [ template_filter ] --END-- [ RunTime:0.000352s ]
INFO: Run Behavior\ParseTemplateBehavior [ RunTime:0.122432s ]
INFO: [ view_parse ] --END-- [ RunTime:0.122494s ]
INFO: [ view_filter ] --START--
INFO: Run Behavior\WriteHtmlCacheBehavior [ RunTime:0.007626s ]
INFO: [ view_filter ] --END-- [ RunTime:0.007670s ]
INFO: [ app_end ] --START--
INFO: Run Behavior\ShowPageTraceBehavior [ RunTime:0.007540s ]
INFO: [ app_end ] --END-- [ RunTime:0.007579s ]

[ 2017-01-06T14:51:51+08:00 ] 127.0.0.1 /home/parent/create_vcode
INFO: [ app_init ] --START--
INFO: Run Behavior\BuildLiteBehavior [ RunTime:0.000009s ]
INFO: [ app_init ] --END-- [ RunTime:0.000234s ]
INFO: [ app_begin ] --START--
INFO: Run Behavior\ReadHtmlCacheBehavior [ RunTime:0.000366s ]
INFO: [ app_begin ] --END-- [ RunTime:0.000398s ]
INFO: [ app_end ] --START--
INFO: Run Behavior\ShowPageTraceBehavior [ RunTime:0.000416s ]
INFO: [ app_end ] --END-- [ RunTime:0.000472s ]

[ 2017-01-06T14:51:57+08:00 ] 127.0.0.1 /home/users/do_login
INFO: [ app_init ] --START--
INFO: Run Behavior\BuildLiteBehavior [ RunTime:0.000009s ]
INFO: [ app_init ] --END-- [ RunTime:0.000257s ]
INFO: [ app_begin ] --START--
INFO: Run Behavior\ReadHtmlCacheBehavior [ RunTime:0.000409s ]
INFO: [ app_begin ] --END-- [ RunTime:0.000438s ]
NOTIC: [8] Undefined index: session_name D:\phpStudy\WWW\Application\Home\Controller\ParentController.class.php 第 49 行.
SQL: SELECT * FROM `ur_user` WHERE ( uername="test1" ) LIMIT 1   [ RunTime:0.0006s ]
INFO: [ app_end ] --START--
INFO: Run Behavior\ShowPageTraceBehavior [ RunTime:0.000660s ]
INFO: [ app_end ] --END-- [ RunTime:0.000689s ]

[ 2017-01-06T14:51:57+08:00 ] 127.0.0.1 /home/Category/categoryList/?id=1
INFO: [ app_init ] --START--
INFO: Run Behavior\BuildLiteBehavior [ RunTime:0.000010s ]
INFO: [ app_init ] --END-- [ RunTime:0.000242s ]
INFO: [ app_begin ] --START--
INFO: Run Behavior\ReadHtmlCacheBehavior [ RunTime:0.000343s ]
INFO: [ app_begin ] --END-- [ RunTime:0.000376s ]
SQL: SELECT ur_user.id as id,ur_user.uername,ur_user.password,ur_role.rolecode,ur_role.rolename,um1.id as mid,um1.moduelcode,um1.moduelname as childmoduelname,um1.levelname,um1.parentid,um1.moduelurl,um2.moduelname as parentmoduelname,ur_permission.pricode,ur_permission.priname FROM `ur_user` ur_user LEFT JOIN ur_user_role on ur_user.id = ur_user_role.userid
LEFT JOIN ur_role on ur_role.id=ur_user_role.roleid LEFT JOIN ur_role_permission
on ur_role.id=ur_role_permission.roleid
LEFT JOIN ur_moduel_permission on ur_role_permission.mpid=ur_moduel_permission.id
LEFT JOIN ur_permission on ur_permission.id = ur_moduel_permission.priid
LEFT JOIN ur_moduel as um1 on um1.id = ur_moduel_permission.modid
LEFT JOIN ur_moduel  as um2 on um1.parentid=um2.id  WHERE ( ur_user.id=1 )  [ RunTime:0.0017s ]
INFO: [ view_parse ] --START--
INFO: [ template_filter ] --START--
INFO: Run Behavior\ContentReplaceBehavior [ RunTime:0.000058s ]
INFO: [ template_filter ] --END-- [ RunTime:0.000096s ]
NOTIC: [2] Illegal string offset 'moduelurl' D:\phpStudy\WWW\Application\Runtime\Cache\Home\ba6fb7a53f563b144b12320b453a6dd1.php 第 79 行.
NOTIC: [2] Illegal string offset 'childmoduelname' D:\phpStudy\WWW\Application\Runtime\Cache\Home\ba6fb7a53f563b144b12320b453a6dd1.php 第 79 行.
NOTIC: [2] Illegal string offset 'moduelurl' D:\phpStudy\WWW\Application\Runtime\Cache\Home\ba6fb7a53f563b144b12320b453a6dd1.php 第 79 行.
NOTIC: [2] Illegal string offset 'childmoduelname' D:\phpStudy\WWW\Application\Runtime\Cache\Home\ba6fb7a53f563b144b12320b453a6dd1.php 第 79 行.
NOTIC: [2] Illegal string offset 'moduelurl' D:\phpStudy\WWW\Application\Runtime\Cache\Home\ba6fb7a53f563b144b12320b453a6dd1.php 第 79 行.
NOTIC: [2] Illegal string offset 'childmoduelname' D:\phpStudy\WWW\Application\Runtime\Cache\Home\ba6fb7a53f563b144b12320b453a6dd1.php 第 79 行.
NOTIC: [2] Illegal string offset 'moduelurl' D:\phpStudy\WWW\Application\Runtime\Cache\Home\ba6fb7a53f563b144b12320b453a6dd1.php 第 79 行.
NOTIC: [2] Illegal string offset 'childmoduelname' D:\phpStudy\WWW\Application\Runtime\Cache\Home\ba6fb7a53f563b144b12320b453a6dd1.php 第 79 行.
NOTIC: [2] Illegal string offset 'moduelurl' D:\phpStudy\WWW\Application\Runtime\Cache\Home\ba6fb7a53f563b144b12320b453a6dd1.php 第 79 行.
NOTIC: [2] Illegal string offset 'childmoduelname' D:\phpStudy\WWW\Application\Runtime\Cache\Home\ba6fb7a53f563b144b12320b453a6dd1.php 第 79 行.
NOTIC: [2] Illegal string offset 'moduelurl' D:\phpStudy\WWW\Application\Runtime\Cache\Home\ba6fb7a53f563b144b12320b453a6dd1.php 第 79 行.
NOTIC: [2] Illegal string offset 'childmoduelname' D:\phpStudy\WWW\Application\Runtime\Cache\Home\ba6fb7a53f563b144b12320b453a6dd1.php 第 79 行.
NOTIC: [2] Illegal string offset 'moduelurl' D:\phpStudy\WWW\Application\Runtime\Cache\Home\ba6fb7a53f563b144b12320b453a6dd1.php 第 79 行.
NOTIC: [2] Illegal string offset 'childmoduelname' D:\phpStudy\WWW\Application\Runtime\Cache\Home\ba6fb7a53f563b144b12320b453a6dd1.php 第 79 行.
NOTIC: [2] Illegal string offset 'moduelurl' D:\phpStudy\WWW\Application\Runtime\Cache\Home\ba6fb7a53f563b144b12320b453a6dd1.php 第 79 行.
NOTIC: [2] Illegal string offset 'childmoduelname' D:\phpStudy\WWW\Application\Runtime\Cache\Home\ba6fb7a53f563b144b12320b453a6dd1.php 第 79 行.
NOTIC: [2] Illegal string offset 'moduelurl' D:\phpStudy\WWW\Application\Runtime\Cache\Home\ba6fb7a53f563b144b12320b453a6dd1.php 第 79 行.
NOTIC: [2] Illegal string offset 'childmoduelname' D:\phpStudy\WWW\Application\Runtime\Cache\Home\ba6fb7a53f563b144b12320b453a6dd1.php 第 79 行.
NOTIC: [2] Illegal string offset 'moduelurl' D:\phpStudy\WWW\Application\Runtime\Cache\Home\ba6fb7a53f563b144b12320b453a6dd1.php 第 79 行.
NOTIC: [2] Illegal string offset 'childmoduelname' D:\phpStudy\WWW\Application\Runtime\Cache\Home\ba6fb7a53f563b144b12320b453a6dd1.php 第 79 行.
NOTIC: [2] Illegal string offset 'moduelurl' D:\phpStudy\WWW\Application\Runtime\Cache\Home\ba6fb7a53f563b144b12320b453a6dd1.php 第 79 行.
NOTIC: [2] Illegal string offset 'childmoduelname' D:\phpStudy\WWW\Application\Runtime\Cache\Home\ba6fb7a53f563b144b12320b453a6dd1.php 第 79 行.
NOTIC: [2] Illegal string offset 'moduelurl' D:\phpStudy\WWW\Application\Runtime\Cache\Home\ba6fb7a53f563b144b12320b453a6dd1.php 第 79 行.
NOTIC: [2] Illegal string offset 'childmoduelname' D:\phpStudy\WWW\Application\Runtime\Cache\Home\ba6fb7a53f563b144b12320b453a6dd1.php 第 79 行.
NOTIC: [2] Illegal string offset 'moduelurl' D:\phpStudy\WWW\Application\Runtime\Cache\Home\ba6fb7a53f563b144b12320b453a6dd1.php 第 79 行.
NOTIC: [2] Illegal string offset 'childmoduelname' D:\phpStudy\WWW\Application\Runtime\Cache\Home\ba6fb7a53f563b144b12320b453a6dd1.php 第 79 行.
NOTIC: [2] Illegal string offset 'moduelurl' D:\phpStudy\WWW\Application\Runtime\Cache\Home\ba6fb7a53f563b144b12320b453a6dd1.php 第 79 行.
NOTIC: [2] Illegal string offset 'childmoduelname' D:\phpStudy\WWW\Application\Runtime\Cache\Home\ba6fb7a53f563b144b12320b453a6dd1.php 第 79 行.
NOTIC: [2] Illegal string offset 'moduelurl' D:\phpStudy\WWW\Application\Runtime\Cache\Home\ba6fb7a53f563b144b12320b453a6dd1.php 第 79 行.
NOTIC: [2] Illegal string offset 'childmoduelname' D:\phpStudy\WWW\Application\Runtime\Cache\Home\ba6fb7a53f563b144b12320b453a6dd1.php 第 79 行.
NOTIC: [2] Illegal string offset 'moduelurl' D:\phpStudy\WWW\Application\Runtime\Cache\Home\ba6fb7a53f563b144b12320b453a6dd1.php 第 79 行.
NOTIC: [2] Illegal string offset 'childmoduelname' D:\phpStudy\WWW\Application\Runtime\Cache\Home\ba6fb7a53f563b144b12320b453a6dd1.php 第 79 行.
NOTIC: [2] Illegal string offset 'moduelurl' D:\phpStudy\WWW\Application\Runtime\Cache\Home\ba6fb7a53f563b144b12320b453a6dd1.php 第 79 行.
NOTIC: [2] Illegal string offset 'childmoduelname' D:\phpStudy\WWW\Application\Runtime\Cache\Home\ba6fb7a53f563b144b12320b453a6dd1.php 第 79 行.
NOTIC: [2] Illegal string offset 'moduelurl' D:\phpStudy\WWW\Application\Runtime\Cache\Home\ba6fb7a53f563b144b12320b453a6dd1.php 第 79 行.
NOTIC: [2] Illegal string offset 'childmoduelname' D:\phpStudy\WWW\Application\Runtime\Cache\Home\ba6fb7a53f563b144b12320b453a6dd1.php 第 79 行.
NOTIC: [2] Illegal string offset 'moduelurl' D:\phpStudy\WWW\Application\Runtime\Cache\Home\ba6fb7a53f563b144b12320b453a6dd1.php 第 79 行.
NOTIC: [2] Illegal string offset 'childmoduelname' D:\phpStudy\WWW\Application\Runtime\Cache\Home\ba6fb7a53f563b144b12320b453a6dd1.php 第 79 行.
NOTIC: [2] Illegal string offset 'moduelurl' D:\phpStudy\WWW\Application\Runtime\Cache\Home\ba6fb7a53f563b144b12320b453a6dd1.php 第 79 行.
NOTIC: [2] Illegal string offset 'childmoduelname' D:\phpStudy\WWW\Application\Runtime\Cache\Home\ba6fb7a53f563b144b12320b453a6dd1.php 第 79 行.
INFO: Run Behavior\ParseTemplateBehavior [ RunTime:0.073445s ]
INFO: [ view_parse ] --END-- [ RunTime:0.073491s ]
INFO: [ view_filter ] --START--
INFO: Run Behavior\WriteHtmlCacheBehavior [ RunTime:0.000285s ]
INFO: [ view_filter ] --END-- [ RunTime:0.000310s ]
INFO: [ app_end ] --START--
INFO: Run Behavior\ShowPageTraceBehavior [ RunTime:0.000518s ]
INFO: [ app_end ] --END-- [ RunTime:0.000579s ]

[ 2017-01-06T14:51:57+08:00 ] 127.0.0.1 /home/category/welcome.html
INFO: [ app_init ] --START--
INFO: Run Behavior\BuildLiteBehavior [ RunTime:0.000014s ]
INFO: [ app_init ] --END-- [ RunTime:0.000331s ]
INFO: [ app_begin ] --START--
INFO: Run Behavior\ReadHtmlCacheBehavior [ RunTime:0.000704s ]
INFO: [ app_begin ] --END-- [ RunTime:0.000792s ]
INFO: [ view_parse ] --START--
INFO: [ template_filter ] --START--
INFO: Run Behavior\ContentReplaceBehavior [ RunTime:0.000065s ]
INFO: [ template_filter ] --END-- [ RunTime:0.000105s ]
INFO: Run Behavior\ParseTemplateBehavior [ RunTime:0.081374s ]
INFO: [ view_parse ] --END-- [ RunTime:0.081455s ]
INFO: [ view_filter ] --START--
INFO: Run Behavior\WriteHtmlCacheBehavior [ RunTime:0.000377s ]
INFO: [ view_filter ] --END-- [ RunTime:0.000423s ]
INFO: [ app_end ] --START--
INFO: Run Behavior\ShowPageTraceBehavior [ RunTime:0.000744s ]
INFO: [ app_end ] --END-- [ RunTime:0.000806s ]

[ 2017-01-06T14:58:34+08:00 ] 127.0.0.1 /home/Category/categoryList/admin/list/user_save.html
INFO: [ app_init ] --START--
INFO: Run Behavior\BuildLiteBehavior [ RunTime:0.000010s ]
INFO: [ app_init ] --END-- [ RunTime:0.000274s ]
INFO: [ app_begin ] --START--
INFO: Run Behavior\ReadHtmlCacheBehavior [ RunTime:0.000430s ]
INFO: [ app_begin ] --END-- [ RunTime:0.000462s ]
ERR: 参数错误或者未定义:id

[ 2017-01-06T15:08:04+08:00 ] 127.0.0.1 /index.php
INFO: [ app_init ] --START--
INFO: Run Behavior\BuildLiteBehavior [ RunTime:0.000011s ]
INFO: [ app_init ] --END-- [ RunTime:0.000377s ]
INFO: [ app_begin ] --START--
INFO: Run Behavior\ReadHtmlCacheBehavior [ RunTime:0.000463s ]
INFO: [ app_begin ] --END-- [ RunTime:0.000503s ]
NOTIC: [8] Undefined index: session_name D:\phpStudy\WWW\Application\Home\Controller\ParentController.class.php 第 49 行.

[ 2017-01-06T15:10:14+08:00 ] 127.0.0.1 /home/Category/categoryList/?id=1
INFO: [ app_init ] --START--
INFO: Run Behavior\BuildLiteBehavior [ RunTime:0.000016s ]
INFO: [ app_init ] --END-- [ RunTime:0.000603s ]
INFO: [ app_begin ] --START--
INFO: Run Behavior\ReadHtmlCacheBehavior [ RunTime:0.000451s ]
INFO: [ app_begin ] --END-- [ RunTime:0.000484s ]
SQL: SELECT ur_user.id as id,ur_user.uername,ur_user.password,ur_role.rolecode,ur_role.rolename,um1.id as mid,um1.moduelcode,um1.moduelname as childmoduelname,um1.levelname,um1.parentid,um1.moduelurl,um2.moduelname as parentmoduelname,ur_permission.pricode,ur_permission.priname FROM `ur_user` ur_user LEFT JOIN ur_user_role on ur_user.id = ur_user_role.userid
LEFT JOIN ur_role on ur_role.id=ur_user_role.roleid LEFT JOIN ur_role_permission
on ur_role.id=ur_role_permission.roleid
LEFT JOIN ur_moduel_permission on ur_role_permission.mpid=ur_moduel_permission.id
LEFT JOIN ur_permission on ur_permission.id = ur_moduel_permission.priid
LEFT JOIN ur_moduel as um1 on um1.id = ur_moduel_permission.modid
LEFT JOIN ur_moduel  as um2 on um1.parentid=um2.id  WHERE ( ur_user.id=1 )  [ RunTime:0.0017s ]
INFO: [ view_parse ] --START--
INFO: [ template_filter ] --START--
INFO: Run Behavior\ContentReplaceBehavior [ RunTime:0.000056s ]
INFO: [ template_filter ] --END-- [ RunTime:0.000088s ]
NOTIC: [2] Illegal string offset 'moduelurl' D:\phpStudy\WWW\Application\Runtime\Cache\Home\ba6fb7a53f563b144b12320b453a6dd1.php 第 79 行.
NOTIC: [2] Illegal string offset 'childmoduelname' D:\phpStudy\WWW\Application\Runtime\Cache\Home\ba6fb7a53f563b144b12320b453a6dd1.php 第 79 行.
NOTIC: [2] Illegal string offset 'moduelurl' D:\phpStudy\WWW\Application\Runtime\Cache\Home\ba6fb7a53f563b144b12320b453a6dd1.php 第 79 行.
NOTIC: [2] Illegal string offset 'childmoduelname' D:\phpStudy\WWW\Application\Runtime\Cache\Home\ba6fb7a53f563b144b12320b453a6dd1.php 第 79 行.
NOTIC: [2] Illegal string offset 'moduelurl' D:\phpStudy\WWW\Application\Runtime\Cache\Home\ba6fb7a53f563b144b12320b453a6dd1.php 第 79 行.
NOTIC: [2] Illegal string offset 'childmoduelname' D:\phpStudy\WWW\Application\Runtime\Cache\Home\ba6fb7a53f563b144b12320b453a6dd1.php 第 79 行.
NOTIC: [2] Illegal string offset 'moduelurl' D:\phpStudy\WWW\Application\Runtime\Cache\Home\ba6fb7a53f563b144b12320b453a6dd1.php 第 79 行.
NOTIC: [2] Illegal string offset 'childmoduelname' D:\phpStudy\WWW\Application\Runtime\Cache\Home\ba6fb7a53f563b144b12320b453a6dd1.php 第 79 行.
NOTIC: [2] Illegal string offset 'moduelurl' D:\phpStudy\WWW\Application\Runtime\Cache\Home\ba6fb7a53f563b144b12320b453a6dd1.php 第 79 行.
NOTIC: [2] Illegal string offset 'childmoduelname' D:\phpStudy\WWW\Application\Runtime\Cache\Home\ba6fb7a53f563b144b12320b453a6dd1.php 第 79 行.
NOTIC: [2] Illegal string offset 'moduelurl' D:\phpStudy\WWW\Application\Runtime\Cache\Home\ba6fb7a53f563b144b12320b453a6dd1.php 第 79 行.
NOTIC: [2] Illegal string offset 'childmoduelname' D:\phpStudy\WWW\Application\Runtime\Cache\Home\ba6fb7a53f563b144b12320b453a6dd1.php 第 79 行.
NOTIC: [2] Illegal string offset 'moduelurl' D:\phpStudy\WWW\Application\Runtime\Cache\Home\ba6fb7a53f563b144b12320b453a6dd1.php 第 79 行.
NOTIC: [2] Illegal string offset 'childmoduelname' D:\phpStudy\WWW\Application\Runtime\Cache\Home\ba6fb7a53f563b144b12320b453a6dd1.php 第 79 行.
NOTIC: [2] Illegal string offset 'moduelurl' D:\phpStudy\WWW\Application\Runtime\Cache\Home\ba6fb7a53f563b144b12320b453a6dd1.php 第 79 行.
NOTIC: [2] Illegal string offset 'childmoduelname' D:\phpStudy\WWW\Application\Runtime\Cache\Home\ba6fb7a53f563b144b12320b453a6dd1.php 第 79 行.
NOTIC: [2] Illegal string offset 'moduelurl' D:\phpStudy\WWW\Application\Runtime\Cache\Home\ba6fb7a53f563b144b12320b453a6dd1.php 第 79 行.
NOTIC: [2] Illegal string offset 'childmoduelname' D:\phpStudy\WWW\Application\Runtime\Cache\Home\ba6fb7a53f563b144b12320b453a6dd1.php 第 79 行.
NOTIC: [2] Illegal string offset 'moduelurl' D:\phpStudy\WWW\Application\Runtime\Cache\Home\ba6fb7a53f563b144b12320b453a6dd1.php 第 79 行.
NOTIC: [2] Illegal string offset 'childmoduelname' D:\phpStudy\WWW\Application\Runtime\Cache\Home\ba6fb7a53f563b144b12320b453a6dd1.php 第 79 行.
NOTIC: [2] Illegal string offset 'moduelurl' D:\phpStudy\WWW\Application\Runtime\Cache\Home\ba6fb7a53f563b144b12320b453a6dd1.php 第 79 行.
NOTIC: [2] Illegal string offset 'childmoduelname' D:\phpStudy\WWW\Application\Runtime\Cache\Home\ba6fb7a53f563b144b12320b453a6dd1.php 第 79 行.
NOTIC: [2] Illegal string offset 'moduelurl' D:\phpStudy\WWW\Application\Runtime\Cache\Home\ba6fb7a53f563b144b12320b453a6dd1.php 第 79 行.
NOTIC: [2] Illegal string offset 'childmoduelname' D:\phpStudy\WWW\Application\Runtime\Cache\Home\ba6fb7a53f563b144b12320b453a6dd1.php 第 79 行.
NOTIC: [2] Illegal string offset 'moduelurl' D:\phpStudy\WWW\Application\Runtime\Cache\Home\ba6fb7a53f563b144b12320b453a6dd1.php 第 79 行.
NOTIC: [2] Illegal string offset 'childmoduelname' D:\phpStudy\WWW\Application\Runtime\Cache\Home\ba6fb7a53f563b144b12320b453a6dd1.php 第 79 行.
NOTIC: [2] Illegal string offset 'moduelurl' D:\phpStudy\WWW\Application\Runtime\Cache\Home\ba6fb7a53f563b144b12320b453a6dd1.php 第 79 行.
NOTIC: [2] Illegal string offset 'childmoduelname' D:\phpStudy\WWW\Application\Runtime\Cache\Home\ba6fb7a53f563b144b12320b453a6dd1.php 第 79 行.
NOTIC: [2] Illegal string offset 'moduelurl' D:\phpStudy\WWW\Application\Runtime\Cache\Home\ba6fb7a53f563b144b12320b453a6dd1.php 第 79 行.
NOTIC: [2] Illegal string offset 'childmoduelname' D:\phpStudy\WWW\Application\Runtime\Cache\Home\ba6fb7a53f563b144b12320b453a6dd1.php 第 79 行.
NOTIC: [2] Illegal string offset 'moduelurl' D:\phpStudy\WWW\Application\Runtime\Cache\Home\ba6fb7a53f563b144b12320b453a6dd1.php 第 79 行.
NOTIC: [2] Illegal string offset 'childmoduelname' D:\phpStudy\WWW\Application\Runtime\Cache\Home\ba6fb7a53f563b144b12320b453a6dd1.php 第 79 行.
NOTIC: [2] Illegal string offset 'moduelurl' D:\phpStudy\WWW\Application\Runtime\Cache\Home\ba6fb7a53f563b144b12320b453a6dd1.php 第 79 行.
NOTIC: [2] Illegal string offset 'childmoduelname' D:\phpStudy\WWW\Application\Runtime\Cache\Home\ba6fb7a53f563b144b12320b453a6dd1.php 第 79 行.
NOTIC: [2] Illegal string offset 'moduelurl' D:\phpStudy\WWW\Application\Runtime\Cache\Home\ba6fb7a53f563b144b12320b453a6dd1.php 第 79 行.
NOTIC: [2] Illegal string offset 'childmoduelname' D:\phpStudy\WWW\Application\Runtime\Cache\Home\ba6fb7a53f563b144b12320b453a6dd1.php 第 79 行.
NOTIC: [2] Illegal string offset 'moduelurl' D:\phpStudy\WWW\Application\Runtime\Cache\Home\ba6fb7a53f563b144b12320b453a6dd1.php 第 79 行.
NOTIC: [2] Illegal string offset 'childmoduelname' D:\phpStudy\WWW\Application\Runtime\Cache\Home\ba6fb7a53f563b144b12320b453a6dd1.php 第 79 行.
NOTIC: [2] Illegal string offset 'moduelurl' D:\phpStudy\WWW\Application\Runtime\Cache\Home\ba6fb7a53f563b144b12320b453a6dd1.php 第 79 行.
NOTIC: [2] Illegal string offset 'childmoduelname' D:\phpStudy\WWW\Application\Runtime\Cache\Home\ba6fb7a53f563b144b12320b453a6dd1.php 第 79 行.
INFO: Run Behavior\ParseTemplateBehavior [ RunTime:0.047332s ]
INFO: [ view_parse ] --END-- [ RunTime:0.047377s ]
INFO: [ view_filter ] --START--
INFO: Run Behavior\WriteHtmlCacheBehavior [ RunTime:0.000172s ]
INFO: [ view_filter ] --END-- [ RunTime:0.000195s ]
INFO: [ app_end ] --START--
INFO: Run Behavior\ShowPageTraceBehavior [ RunTime:0.000464s ]
INFO: [ app_end ] --END-- [ RunTime:0.000506s ]

[ 2017-01-06T15:10:14+08:00 ] 127.0.0.1 /home/category/welcome.html
INFO: [ app_init ] --START--
INFO: Run Behavior\BuildLiteBehavior [ RunTime:0.000009s ]
INFO: [ app_init ] --END-- [ RunTime:0.000232s ]
INFO: [ app_begin ] --START--
INFO: Run Behavior\ReadHtmlCacheBehavior [ RunTime:0.000336s ]
INFO: [ app_begin ] --END-- [ RunTime:0.000377s ]
INFO: [ view_parse ] --START--
INFO: [ template_filter ] --START--
INFO: Run Behavior\ContentReplaceBehavior [ RunTime:0.000047s ]
INFO: [ template_filter ] --END-- [ RunTime:0.000078s ]
INFO: Run Behavior\ParseTemplateBehavior [ RunTime:0.051761s ]
INFO: [ view_parse ] --END-- [ RunTime:0.051855s ]
INFO: [ view_filter ] --START--
INFO: Run Behavior\WriteHtmlCacheBehavior [ RunTime:0.000291s ]
INFO: [ view_filter ] --END-- [ RunTime:0.000339s ]
INFO: [ app_end ] --START--
INFO: Run Behavior\ShowPageTraceBehavior [ RunTime:0.000638s ]
INFO: [ app_end ] --END-- [ RunTime:0.000678s ]

[ 2017-01-06T15:47:26+08:00 ] 127.0.0.1 /home/Category/categoryList/?id=1
INFO: [ app_init ] --START--
INFO: Run Behavior\BuildLiteBehavior [ RunTime:0.000010s ]
INFO: [ app_init ] --END-- [ RunTime:0.000248s ]
INFO: [ app_begin ] --START--
INFO: Run Behavior\ReadHtmlCacheBehavior [ RunTime:0.000365s ]
INFO: [ app_begin ] --END-- [ RunTime:0.000399s ]
SQL: SELECT ur_user.id as id,ur_user.uername,ur_user.password,ur_role.rolecode,ur_role.rolename,um1.id as mid,um1.moduelcode,um1.moduelname as childmoduelname,um1.levelname,um1.parentid,um1.moduelurl,um2.moduelname as parentmoduelname,ur_permission.pricode,ur_permission.priname FROM `ur_user` ur_user LEFT JOIN ur_user_role on ur_user.id = ur_user_role.userid
LEFT JOIN ur_role on ur_role.id=ur_user_role.roleid LEFT JOIN ur_role_permission
on ur_role.id=ur_role_permission.roleid
LEFT JOIN ur_moduel_permission on ur_role_permission.mpid=ur_moduel_permission.id
LEFT JOIN ur_permission on ur_permission.id = ur_moduel_permission.priid
LEFT JOIN ur_moduel as um1 on um1.id = ur_moduel_permission.modid
LEFT JOIN ur_moduel  as um2 on um1.parentid=um2.id  WHERE ( ur_user.id=1 )  [ RunTime:0.0018s ]
INFO: [ view_parse ] --START--
INFO: [ template_filter ] --START--
INFO: Run Behavior\ContentReplaceBehavior [ RunTime:0.000060s ]
INFO: [ template_filter ] --END-- [ RunTime:0.000092s ]
NOTIC: [2] Illegal string offset 'moduelurl' D:\phpStudy\WWW\Application\Runtime\Cache\Home\ba6fb7a53f563b144b12320b453a6dd1.php 第 79 行.
NOTIC: [2] Illegal string offset 'childmoduelname' D:\phpStudy\WWW\Application\Runtime\Cache\Home\ba6fb7a53f563b144b12320b453a6dd1.php 第 79 行.
NOTIC: [2] Illegal string offset 'moduelurl' D:\phpStudy\WWW\Application\Runtime\Cache\Home\ba6fb7a53f563b144b12320b453a6dd1.php 第 79 行.
NOTIC: [2] Illegal string offset 'childmoduelname' D:\phpStudy\WWW\Application\Runtime\Cache\Home\ba6fb7a53f563b144b12320b453a6dd1.php 第 79 行.
NOTIC: [2] Illegal string offset 'moduelurl' D:\phpStudy\WWW\Application\Runtime\Cache\Home\ba6fb7a53f563b144b12320b453a6dd1.php 第 79 行.
NOTIC: [2] Illegal string offset 'childmoduelname' D:\phpStudy\WWW\Application\Runtime\Cache\Home\ba6fb7a53f563b144b12320b453a6dd1.php 第 79 行.
NOTIC: [2] Illegal string offset 'moduelurl' D:\phpStudy\WWW\Application\Runtime\Cache\Home\ba6fb7a53f563b144b12320b453a6dd1.php 第 79 行.
NOTIC: [2] Illegal string offset 'childmoduelname' D:\phpStudy\WWW\Application\Runtime\Cache\Home\ba6fb7a53f563b144b12320b453a6dd1.php 第 79 行.
NOTIC: [2] Illegal string offset 'moduelurl' D:\phpStudy\WWW\Application\Runtime\Cache\Home\ba6fb7a53f563b144b12320b453a6dd1.php 第 79 行.
NOTIC: [2] Illegal string offset 'childmoduelname' D:\phpStudy\WWW\Application\Runtime\Cache\Home\ba6fb7a53f563b144b12320b453a6dd1.php 第 79 行.
NOTIC: [2] Illegal string offset 'moduelurl' D:\phpStudy\WWW\Application\Runtime\Cache\Home\ba6fb7a53f563b144b12320b453a6dd1.php 第 79 行.
NOTIC: [2] Illegal string offset 'childmoduelname' D:\phpStudy\WWW\Application\Runtime\Cache\Home\ba6fb7a53f563b144b12320b453a6dd1.php 第 79 行.
NOTIC: [2] Illegal string offset 'moduelurl' D:\phpStudy\WWW\Application\Runtime\Cache\Home\ba6fb7a53f563b144b12320b453a6dd1.php 第 79 行.
NOTIC: [2] Illegal string offset 'childmoduelname' D:\phpStudy\WWW\Application\Runtime\Cache\Home\ba6fb7a53f563b144b12320b453a6dd1.php 第 79 行.
NOTIC: [2] Illegal string offset 'moduelurl' D:\phpStudy\WWW\Application\Runtime\Cache\Home\ba6fb7a53f563b144b12320b453a6dd1.php 第 79 行.
NOTIC: [2] Illegal string offset 'childmoduelname' D:\phpStudy\WWW\Application\Runtime\Cache\Home\ba6fb7a53f563b144b12320b453a6dd1.php 第 79 行.
NOTIC: [2] Illegal string offset 'moduelurl' D:\phpStudy\WWW\Application\Runtime\Cache\Home\ba6fb7a53f563b144b12320b453a6dd1.php 第 79 行.
NOTIC: [2] Illegal string offset 'childmoduelname' D:\phpStudy\WWW\Application\Runtime\Cache\Home\ba6fb7a53f563b144b12320b453a6dd1.php 第 79 行.
NOTIC: [2] Illegal string offset 'moduelurl' D:\phpStudy\WWW\Application\Runtime\Cache\Home\ba6fb7a53f563b144b12320b453a6dd1.php 第 79 行.
NOTIC: [2] Illegal string offset 'childmoduelname' D:\phpStudy\WWW\Application\Runtime\Cache\Home\ba6fb7a53f563b144b12320b453a6dd1.php 第 79 行.
NOTIC: [2] Illegal string offset 'moduelurl' D:\phpStudy\WWW\Application\Runtime\Cache\Home\ba6fb7a53f563b144b12320b453a6dd1.php 第 79 行.
NOTIC: [2] Illegal string offset 'childmoduelname' D:\phpStudy\WWW\Application\Runtime\Cache\Home\ba6fb7a53f563b144b12320b453a6dd1.php 第 79 行.
NOTIC: [2] Illegal string offset 'moduelurl' D:\phpStudy\WWW\Application\Runtime\Cache\Home\ba6fb7a53f563b144b12320b453a6dd1.php 第 79 行.
NOTIC: [2] Illegal string offset 'childmoduelname' D:\phpStudy\WWW\Application\Runtime\Cache\Home\ba6fb7a53f563b144b12320b453a6dd1.php 第 79 行.
NOTIC: [2] Illegal string offset 'moduelurl' D:\phpStudy\WWW\Application\Runtime\Cache\Home\ba6fb7a53f563b144b12320b453a6dd1.php 第 79 行.
NOTIC: [2] Illegal string offset 'childmoduelname' D:\phpStudy\WWW\Application\Runtime\Cache\Home\ba6fb7a53f563b144b12320b453a6dd1.php 第 79 行.
NOTIC: [2] Illegal string offset 'moduelurl' D:\phpStudy\WWW\Application\Runtime\Cache\Home\ba6fb7a53f563b144b12320b453a6dd1.php 第 79 行.
NOTIC: [2] Illegal string offset 'childmoduelname' D:\phpStudy\WWW\Application\Runtime\Cache\Home\ba6fb7a53f563b144b12320b453a6dd1.php 第 79 行.
NOTIC: [2] Illegal string offset 'moduelurl' D:\phpStudy\WWW\Application\Runtime\Cache\Home\ba6fb7a53f563b144b12320b453a6dd1.php 第 79 行.
NOTIC: [2] Illegal string offset 'childmoduelname' D:\phpStudy\WWW\Application\Runtime\Cache\Home\ba6fb7a53f563b144b12320b453a6dd1.php 第 79 行.
NOTIC: [2] Illegal string offset 'moduelurl' D:\phpStudy\WWW\Application\Runtime\Cache\Home\ba6fb7a53f563b144b12320b453a6dd1.php 第 79 行.
NOTIC: [2] Illegal string offset 'childmoduelname' D:\phpStudy\WWW\Application\Runtime\Cache\Home\ba6fb7a53f563b144b12320b453a6dd1.php 第 79 行.
NOTIC: [2] Illegal string offset 'moduelurl' D:\phpStudy\WWW\Application\Runtime\Cache\Home\ba6fb7a53f563b144b12320b453a6dd1.php 第 79 行.
NOTIC: [2] Illegal string offset 'childmoduelname' D:\phpStudy\WWW\Application\Runtime\Cache\Home\ba6fb7a53f563b144b12320b453a6dd1.php 第 79 行.
NOTIC: [2] Illegal string offset 'moduelurl' D:\phpStudy\WWW\Application\Runtime\Cache\Home\ba6fb7a53f563b144b12320b453a6dd1.php 第 79 行.
NOTIC: [2] Illegal string offset 'childmoduelname' D:\phpStudy\WWW\Application\Runtime\Cache\Home\ba6fb7a53f563b144b12320b453a6dd1.php 第 79 行.
NOTIC: [2] Illegal string offset 'moduelurl' D:\phpStudy\WWW\Application\Runtime\Cache\Home\ba6fb7a53f563b144b12320b453a6dd1.php 第 79 行.
NOTIC: [2] Illegal string offset 'childmoduelname' D:\phpStudy\WWW\Application\Runtime\Cache\Home\ba6fb7a53f563b144b12320b453a6dd1.php 第 79 行.
NOTIC: [2] Illegal string offset 'moduelurl' D:\phpStudy\WWW\Application\Runtime\Cache\Home\ba6fb7a53f563b144b12320b453a6dd1.php 第 79 行.
NOTIC: [2] Illegal string offset 'childmoduelname' D:\phpStudy\WWW\Application\Runtime\Cache\Home\ba6fb7a53f563b144b12320b453a6dd1.php 第 79 行.
INFO: Run Behavior\ParseTemplateBehavior [ RunTime:0.055431s ]
INFO: [ view_parse ] --END-- [ RunTime:0.055487s ]
INFO: [ view_filter ] --START--
INFO: Run Behavior\WriteHtmlCacheBehavior [ RunTime:0.000193s ]
INFO: [ view_filter ] --END-- [ RunTime:0.000218s ]
INFO: [ app_end ] --START--
INFO: Run Behavior\ShowPageTraceBehavior [ RunTime:0.000522s ]
INFO: [ app_end ] --END-- [ RunTime:0.000561s ]

[ 2017-01-06T15:47:26+08:00 ] 127.0.0.1 /home/category/welcome.html
INFO: [ app_init ] --START--
INFO: Run Behavior\BuildLiteBehavior [ RunTime:0.000016s ]
INFO: [ app_init ] --END-- [ RunTime:0.000335s ]
INFO: [ app_begin ] --START--
INFO: Run Behavior\ReadHtmlCacheBehavior [ RunTime:0.000472s ]
INFO: [ app_begin ] --END-- [ RunTime:0.000528s ]
INFO: [ view_parse ] --START--
INFO: [ template_filter ] --START--
INFO: Run Behavior\ContentReplaceBehavior [ RunTime:0.000080s ]
INFO: [ template_filter ] --END-- [ RunTime:0.000142s ]
INFO: Run Behavior\ParseTemplateBehavior [ RunTime:0.007184s ]
INFO: [ view_parse ] --END-- [ RunTime:0.007255s ]
INFO: [ view_filter ] --START--
INFO: Run Behavior\WriteHtmlCacheBehavior [ RunTime:0.000271s ]
INFO: [ view_filter ] --END-- [ RunTime:0.000313s ]
INFO: [ app_end ] --START--
INFO: Run Behavior\ShowPageTraceBehavior [ RunTime:0.000530s ]
INFO: [ app_end ] --END-- [ RunTime:0.000573s ]

[ 2017-01-06T16:38:04+08:00 ] 127.0.0.1 /index.php
INFO: [ app_init ] --START--
INFO: Run Behavior\BuildLiteBehavior [ RunTime:0.000029s ]
INFO: [ app_init ] --END-- [ RunTime:0.000588s ]
INFO: [ app_begin ] --START--
INFO: Run Behavior\ReadHtmlCacheBehavior [ RunTime:0.001000s ]
INFO: [ app_begin ] --END-- [ RunTime:0.001081s ]
NOTIC: [8] Undefined index: session_name D:\phpStudy\WWW\Application\Home\Controller\ParentController.class.php 第 49 行.

[ 2017-01-06T16:42:01+08:00 ] 127.0.0.1 /home/Category/categoryList/?id=1
INFO: [ app_init ] --START--
INFO: Run Behavior\BuildLiteBehavior [ RunTime:0.000010s ]
INFO: [ app_init ] --END-- [ RunTime:0.000251s ]
INFO: [ app_begin ] --START--
INFO: Run Behavior\ReadHtmlCacheBehavior [ RunTime:0.000380s ]
INFO: [ app_begin ] --END-- [ RunTime:0.000417s ]
SQL: SELECT ur_user.id as id,ur_user.uername,ur_user.password,ur_role.rolecode,ur_role.rolename,um1.id as mid,um1.moduelcode,um1.moduelname as childmoduelname,um1.levelname,um1.parentid,um1.moduelurl,um2.moduelname as parentmoduelname,ur_permission.pricode,ur_permission.priname FROM `ur_user` ur_user LEFT JOIN ur_user_role on ur_user.id = ur_user_role.userid
LEFT JOIN ur_role on ur_role.id=ur_user_role.roleid LEFT JOIN ur_role_permission
on ur_role.id=ur_role_permission.roleid
LEFT JOIN ur_moduel_permission on ur_role_permission.mpid=ur_moduel_permission.id
LEFT JOIN ur_permission on ur_permission.id = ur_moduel_permission.priid
LEFT JOIN ur_moduel as um1 on um1.id = ur_moduel_permission.modid
LEFT JOIN ur_moduel  as um2 on um1.parentid=um2.id  WHERE ( ur_user.id=1 )  [ RunTime:0.0017s ]
INFO: [ view_parse ] --START--
INFO: [ template_filter ] --START--
INFO: Run Behavior\ContentReplaceBehavior [ RunTime:0.000061s ]
INFO: [ template_filter ] --END-- [ RunTime:0.000093s ]
NOTIC: [2] Illegal string offset 'moduelurl' D:\phpStudy\WWW\Application\Runtime\Cache\Home\ba6fb7a53f563b144b12320b453a6dd1.php 第 79 行.
NOTIC: [2] Illegal string offset 'childmoduelname' D:\phpStudy\WWW\Application\Runtime\Cache\Home\ba6fb7a53f563b144b12320b453a6dd1.php 第 79 行.
NOTIC: [2] Illegal string offset 'moduelurl' D:\phpStudy\WWW\Application\Runtime\Cache\Home\ba6fb7a53f563b144b12320b453a6dd1.php 第 79 行.
NOTIC: [2] Illegal string offset 'childmoduelname' D:\phpStudy\WWW\Application\Runtime\Cache\Home\ba6fb7a53f563b144b12320b453a6dd1.php 第 79 行.
NOTIC: [2] Illegal string offset 'moduelurl' D:\phpStudy\WWW\Application\Runtime\Cache\Home\ba6fb7a53f563b144b12320b453a6dd1.php 第 79 行.
NOTIC: [2] Illegal string offset 'childmoduelname' D:\phpStudy\WWW\Application\Runtime\Cache\Home\ba6fb7a53f563b144b12320b453a6dd1.php 第 79 行.
NOTIC: [2] Illegal string offset 'moduelurl' D:\phpStudy\WWW\Application\Runtime\Cache\Home\ba6fb7a53f563b144b12320b453a6dd1.php 第 79 行.
NOTIC: [2] Illegal string offset 'childmoduelname' D:\phpStudy\WWW\Application\Runtime\Cache\Home\ba6fb7a53f563b144b12320b453a6dd1.php 第 79 行.
NOTIC: [2] Illegal string offset 'moduelurl' D:\phpStudy\WWW\Application\Runtime\Cache\Home\ba6fb7a53f563b144b12320b453a6dd1.php 第 79 行.
NOTIC: [2] Illegal string offset 'childmoduelname' D:\phpStudy\WWW\Application\Runtime\Cache\Home\ba6fb7a53f563b144b12320b453a6dd1.php 第 79 行.
NOTIC: [2] Illegal string offset 'moduelurl' D:\phpStudy\WWW\Application\Runtime\Cache\Home\ba6fb7a53f563b144b12320b453a6dd1.php 第 79 行.
NOTIC: [2] Illegal string offset 'childmoduelname' D:\phpStudy\WWW\Application\Runtime\Cache\Home\ba6fb7a53f563b144b12320b453a6dd1.php 第 79 行.
NOTIC: [2] Illegal string offset 'moduelurl' D:\phpStudy\WWW\Application\Runtime\Cache\Home\ba6fb7a53f563b144b12320b453a6dd1.php 第 79 行.
NOTIC: [2] Illegal string offset 'childmoduelname' D:\phpStudy\WWW\Application\Runtime\Cache\Home\ba6fb7a53f563b144b12320b453a6dd1.php 第 79 行.
NOTIC: [2] Illegal string offset 'moduelurl' D:\phpStudy\WWW\Application\Runtime\Cache\Home\ba6fb7a53f563b144b12320b453a6dd1.php 第 79 行.
NOTIC: [2] Illegal string offset 'childmoduelname' D:\phpStudy\WWW\Application\Runtime\Cache\Home\ba6fb7a53f563b144b12320b453a6dd1.php 第 79 行.
NOTIC: [2] Illegal string offset 'moduelurl' D:\phpStudy\WWW\Application\Runtime\Cache\Home\ba6fb7a53f563b144b12320b453a6dd1.php 第 79 行.
NOTIC: [2] Illegal string offset 'childmoduelname' D:\phpStudy\WWW\Application\Runtime\Cache\Home\ba6fb7a53f563b144b12320b453a6dd1.php 第 79 行.
NOTIC: [2] Illegal string offset 'moduelurl' D:\phpStudy\WWW\Application\Runtime\Cache\Home\ba6fb7a53f563b144b12320b453a6dd1.php 第 79 行.
NOTIC: [2] Illegal string offset 'childmoduelname' D:\phpStudy\WWW\Application\Runtime\Cache\Home\ba6fb7a53f563b144b12320b453a6dd1.php 第 79 行.
NOTIC: [2] Illegal string offset 'moduelurl' D:\phpStudy\WWW\Application\Runtime\Cache\Home\ba6fb7a53f563b144b12320b453a6dd1.php 第 79 行.
NOTIC: [2] Illegal string offset 'childmoduelname' D:\phpStudy\WWW\Application\Runtime\Cache\Home\ba6fb7a53f563b144b12320b453a6dd1.php 第 79 行.
NOTIC: [2] Illegal string offset 'moduelurl' D:\phpStudy\WWW\Application\Runtime\Cache\Home\ba6fb7a53f563b144b12320b453a6dd1.php 第 79 行.
NOTIC: [2] Illegal string offset 'childmoduelname' D:\phpStudy\WWW\Application\Runtime\Cache\Home\ba6fb7a53f563b144b12320b453a6dd1.php 第 79 行.
NOTIC: [2] Illegal string offset 'moduelurl' D:\phpStudy\WWW\Application\Runtime\Cache\Home\ba6fb7a53f563b144b12320b453a6dd1.php 第 79 行.
NOTIC: [2] Illegal string offset 'childmoduelname' D:\phpStudy\WWW\Application\Runtime\Cache\Home\ba6fb7a53f563b144b12320b453a6dd1.php 第 79 行.
NOTIC: [2] Illegal string offset 'moduelurl' D:\phpStudy\WWW\Application\Runtime\Cache\Home\ba6fb7a53f563b144b12320b453a6dd1.php 第 79 行.
NOTIC: [2] Illegal string offset 'childmoduelname' D:\phpStudy\WWW\Application\Runtime\Cache\Home\ba6fb7a53f563b144b12320b453a6dd1.php 第 79 行.
NOTIC: [2] Illegal string offset 'moduelurl' D:\phpStudy\WWW\Application\Runtime\Cache\Home\ba6fb7a53f563b144b12320b453a6dd1.php 第 79 行.
NOTIC: [2] Illegal string offset 'childmoduelname' D:\phpStudy\WWW\Application\Runtime\Cache\Home\ba6fb7a53f563b144b12320b453a6dd1.php 第 79 行.
NOTIC: [2] Illegal string offset 'moduelurl' D:\phpStudy\WWW\Application\Runtime\Cache\Home\ba6fb7a53f563b144b12320b453a6dd1.php 第 79 行.
NOTIC: [2] Illegal string offset 'childmoduelname' D:\phpStudy\WWW\Application\Runtime\Cache\Home\ba6fb7a53f563b144b12320b453a6dd1.php 第 79 行.
NOTIC: [2] Illegal string offset 'moduelurl' D:\phpStudy\WWW\Application\Runtime\Cache\Home\ba6fb7a53f563b144b12320b453a6dd1.php 第 79 行.
NOTIC: [2] Illegal string offset 'childmoduelname' D:\phpStudy\WWW\Application\Runtime\Cache\Home\ba6fb7a53f563b144b12320b453a6dd1.php 第 79 行.
NOTIC: [2] Illegal string offset 'moduelurl' D:\phpStudy\WWW\Application\Runtime\Cache\Home\ba6fb7a53f563b144b12320b453a6dd1.php 第 79 行.
NOTIC: [2] Illegal string offset 'childmoduelname' D:\phpStudy\WWW\Application\Runtime\Cache\Home\ba6fb7a53f563b144b12320b453a6dd1.php 第 79 行.
NOTIC: [2] Illegal string offset 'moduelurl' D:\phpStudy\WWW\Application\Runtime\Cache\Home\ba6fb7a53f563b144b12320b453a6dd1.php 第 79 行.
NOTIC: [2] Illegal string offset 'childmoduelname' D:\phpStudy\WWW\Application\Runtime\Cache\Home\ba6fb7a53f563b144b12320b453a6dd1.php 第 79 行.
NOTIC: [2] Illegal string offset 'moduelurl' D:\phpStudy\WWW\Application\Runtime\Cache\Home\ba6fb7a53f563b144b12320b453a6dd1.php 第 79 行.
NOTIC: [2] Illegal string offset 'childmoduelname' D:\phpStudy\WWW\Application\Runtime\Cache\Home\ba6fb7a53f563b144b12320b453a6dd1.php 第 79 行.
INFO: Run Behavior\ParseTemplateBehavior [ RunTime:0.052118s ]
INFO: [ view_parse ] --END-- [ RunTime:0.052153s ]
INFO: [ view_filter ] --START--
INFO: Run Behavior\WriteHtmlCacheBehavior [ RunTime:0.000241s ]
INFO: [ view_filter ] --END-- [ RunTime:0.000265s ]
INFO: [ app_end ] --START--
INFO: Run Behavior\ShowPageTraceBehavior [ RunTime:0.000595s ]
INFO: [ app_end ] --END-- [ RunTime:0.000641s ]

[ 2017-01-06T16:42:01+08:00 ] 127.0.0.1 /home/category/welcome.html
INFO: [ app_init ] --START--
INFO: Run Behavior\BuildLiteBehavior [ RunTime:0.000016s ]
INFO: [ app_init ] --END-- [ RunTime:0.000393s ]
INFO: [ app_begin ] --START--
INFO: Run Behavior\ReadHtmlCacheBehavior [ RunTime:0.000544s ]
INFO: [ app_begin ] --END-- [ RunTime:0.000595s ]
INFO: [ view_parse ] --START--
INFO: [ template_filter ] --START--
INFO: Run Behavior\ContentReplaceBehavior [ RunTime:0.000092s ]
INFO: [ template_filter ] --END-- [ RunTime:0.000188s ]
INFO: Run Behavior\ParseTemplateBehavior [ RunTime:0.060892s ]
INFO: [ view_parse ] --END-- [ RunTime:0.060960s ]
INFO: [ view_filter ] --START--
INFO: Run Behavior\WriteHtmlCacheBehavior [ RunTime:0.000257s ]
INFO: [ view_filter ] --END-- [ RunTime:0.000295s ]
INFO: [ app_end ] --START--
INFO: Run Behavior\ShowPageTraceBehavior [ RunTime:0.000502s ]
INFO: [ app_end ] --END-- [ RunTime:0.000545s ]

