[ 2016-12-10T11:52:41+08:00 ] 127.0.0.1 /favicon.ico
INFO: [ app_init ] --START--
INFO: Run Behavior\BuildLiteBehavior [ RunTime:0.000000s ]
INFO: [ app_init ] --END-- [ RunTime:0.001000s ]
ERR: 无法加载模块:Favicon

[ 2016-12-10T11:53:02+08:00 ] 127.0.0.1 /phpstudy/WWW/newProject/Public//Public/static//h-ui/js/H-ui.js
INFO: [ app_init ] --START--
INFO: Run Behavior\BuildLiteBehavior [ RunTime:0.000000s ]
INFO: [ app_init ] --END-- [ RunTime:0.000000s ]
ERR: 无法加载模块:Phpstudy

[ 2016-12-10T13:04:50+08:00 ] 127.0.0.1 /phpstudy/WWW/newProject/Public//Public/static//h-ui/js/H-ui.js
INFO: [ app_init ] --START--
INFO: Run Behavior\BuildLiteBehavior [ RunTime:0.000000s ]
INFO: [ app_init ] --END-- [ RunTime:0.001000s ]
ERR: 无法加载模块:Phpstudy

[ 2016-12-10T13:04:56+08:00 ] 127.0.0.1 /phpstudy/WWW/newProject/Public//Public/static//h-ui/js/H-ui.js
INFO: [ app_init ] --START--
INFO: Run Behavior\BuildLiteBehavior [ RunTime:0.000000s ]
INFO: [ app_init ] --END-- [ RunTime:0.000000s ]
ERR: 无法加载模块:Phpstudy

[ 2016-12-10T13:04:57+08:00 ] 127.0.0.1 /phpstudy/WWW/newProject/Public//Public/static//h-ui/js/H-ui.js
INFO: [ app_init ] --START--
INFO: Run Behavior\BuildLiteBehavior [ RunTime:0.000000s ]
INFO: [ app_init ] --END-- [ RunTime:0.001000s ]
ERR: 无法加载模块:Phpstudy

[ 2016-12-10T13:04:58+08:00 ] 127.0.0.1 /phpstudy/WWW/newProject/Public//Public/static//h-ui/js/H-ui.js
INFO: [ app_init ] --START--
INFO: Run Behavior\BuildLiteBehavior [ RunTime:0.000000s ]
INFO: [ app_init ] --END-- [ RunTime:0.000000s ]
ERR: 无法加载模块:Phpstudy

[ 2016-12-10T13:04:58+08:00 ] 127.0.0.1 /phpstudy/WWW/newProject/Public//Public/static//h-ui/js/H-ui.js
INFO: [ app_init ] --START--
INFO: Run Behavior\BuildLiteBehavior [ RunTime:0.000000s ]
INFO: [ app_init ] --END-- [ RunTime:0.000000s ]
ERR: 无法加载模块:Phpstudy

[ 2016-12-10T13:19:51+08:00 ] 127.0.0.1 /phpstudy/WWW/newProject/Public//Public/static//h-ui/js/H-ui.js
INFO: [ app_init ] --START--
INFO: Run Behavior\BuildLiteBehavior [ RunTime:0.000000s ]
INFO: [ app_init ] --END-- [ RunTime:0.000000s ]
ERR: 无法加载模块:Phpstudy

[ 2016-12-10T13:21:40+08:00 ] 127.0.0.1 /phpstudy/WWW/newProject/Public//Public/static//h-ui/js/H-ui.js
INFO: [ app_init ] --START--
INFO: Run Behavior\BuildLiteBehavior [ RunTime:0.000000s ]
INFO: [ app_init ] --END-- [ RunTime:0.000000s ]
ERR: 无法加载模块:Phpstudy

[ 2016-12-10T13:21:45+08:00 ] 127.0.0.1 /phpstudy/WWW/newProject/Public//Public/static//h-ui/js/H-ui.js
INFO: [ app_init ] --START--
INFO: Run Behavior\BuildLiteBehavior [ RunTime:0.000000s ]
INFO: [ app_init ] --END-- [ RunTime:0.000000s ]
ERR: 无法加载模块:Phpstudy

[ 2016-12-10T13:23:22+08:00 ] 127.0.0.1 /phpstudy/WWW/newProject/Public//Public/static//h-ui/js/H-ui.js
INFO: [ app_init ] --START--
INFO: Run Behavior\BuildLiteBehavior [ RunTime:0.000000s ]
INFO: [ app_init ] --END-- [ RunTime:0.000000s ]
ERR: 无法加载模块:Phpstudy

[ 2016-12-10T13:50:57+08:00 ] 127.0.0.1 /Public//Public/lib/jquery/1.9.1/jquery.min.js
INFO: [ app_init ] --START--
INFO: Run Behavior\BuildLiteBehavior [ RunTime:0.000000s ]
INFO: [ app_init ] --END-- [ RunTime:0.000000s ]
ERR: 无法加载模块:Public

[ 2016-12-10T13:53:38+08:00 ] 127.0.0.1 /Public//Public/lib/jquery/1.9.1/jquery.min.js
INFO: [ app_init ] --START--
INFO: Run Behavior\BuildLiteBehavior [ RunTime:0.000000s ]
INFO: [ app_init ] --END-- [ RunTime:0.000000s ]
ERR: 无法加载模块:Public

